This file contains any messages produced by compilers while
running configure, to aid debugging if configure makes a mistake.

It was created by wolfssl configure 4.3.0, which was
generated by GNU Autoconf 2.69.  Invocation command line was

  $ ./configure --enable-openssh --enable-opensslextra --enable-rsa --enable-keygen --enable-rng--enable-ecc --enable-hkdf --enable-eccencrypt --enable-ecccustcurves

## --------- ##
## Platform. ##
## --------- ##

hostname = cis415-arch
uname -m = x86_64
uname -r = 3.14.36-1-lts
uname -s = Linux
uname -v = #1 SMP Wed Mar 18 18:15:02 CET 2015

/usr/bin/uname -p = unknown
/bin/uname -X     = unknown

/bin/arch              = unknown
/usr/bin/arch -k       = unknown
/usr/convex/getsysinfo = unknown
/usr/bin/hostinfo      = unknown
/bin/machine           = unknown
/usr/bin/oslevel       = unknown
/bin/universe          = unknown

PATH: /usr/local/sbin
PATH: /usr/local/bin
PATH: /usr/bin
PATH: /usr/bin/site_perl
PATH: /usr/bin/vendor_perl
PATH: /usr/bin/core_perl


## ----------- ##
## Core tests. ##
## ----------- ##

configure:3314: checking for gcc
configure:3330: found /usr/bin/gcc
configure:3341: result: gcc
configure:3570: checking for C compiler version
configure:3579: gcc --version >&5
gcc (GCC) 4.9.2 20150304 (prerelease)
Copyright (C) 2014 Free Software Foundation, Inc.
This is free software; see the source for copying conditions.  There is NO
warranty; not even for MERCHANTABILITY or FITNESS FOR A PARTICULAR PURPOSE.

configure:3590: $? = 0
configure:3579: gcc -v >&5
Using built-in specs.
COLLECT_GCC=gcc
COLLECT_LTO_WRAPPER=/usr/lib/gcc/x86_64-unknown-linux-gnu/4.9.2/lto-wrapper
Target: x86_64-unknown-linux-gnu
Configured with: /build/gcc/src/gcc-4.9-20150304/configure --prefix=/usr --libdir=/usr/lib --libexecdir=/usr/lib --mandir=/usr/share/man --infodir=/usr/share/info --with-bugurl=https://bugs.archlinux.org/ --enable-languages=c,c++,ada,fortran,go,lto,objc,obj-c++ --enable-shared --enable-threads=posix --with-system-zlib --enable-__cxa_atexit --disable-libunwind-exceptions --enable-clocale=gnu --disable-libstdcxx-pch --disable-libssp --enable-gnu-unique-object --enable-linker-build-id --enable-cloog-backend=isl --enable-lto --enable-plugin --enable-install-libiberty --with-linker-hash-style=gnu --disable-multilib --disable-werror --enable-checking=release
Thread model: posix
gcc version 4.9.2 20150304 (prerelease) (GCC) 
configure:3590: $? = 0
configure:3579: gcc -V >&5
gcc: error: unrecognized command line option '-V'
gcc: fatal error: no input files
compilation terminated.
configure:3590: $? = 1
configure:3579: gcc -qversion >&5
gcc: error: unrecognized command line option '-qversion'
gcc: fatal error: no input files
compilation terminated.
configure:3590: $? = 1
configure:3610: checking whether the C compiler works
configure:3632: gcc    conftest.c  >&5
configure:3636: $? = 0
configure:3684: result: yes
configure:3687: checking for C compiler default output file name
configure:3689: result: a.out
configure:3695: checking for suffix of executables
configure:3702: gcc -o conftest    conftest.c  >&5
configure:3706: $? = 0
configure:3728: result: 
configure:3750: checking whether we are cross compiling
configure:3758: gcc -o conftest    conftest.c  >&5
configure:3762: $? = 0
configure:3769: ./conftest
configure:3773: $? = 0
configure:3788: result: no
configure:3793: checking for suffix of object files
configure:3815: gcc -c   conftest.c >&5
configure:3819: $? = 0
configure:3840: result: o
configure:3844: checking whether we are using the GNU C compiler
configure:3863: gcc -c   conftest.c >&5
configure:3863: $? = 0
configure:3872: result: yes
configure:3881: checking whether gcc accepts -g
configure:3901: gcc -c -g  conftest.c >&5
configure:3901: $? = 0
configure:3942: result: yes
configure:3959: checking for gcc option to accept ISO C89
configure:4022: gcc  -c   conftest.c >&5
configure:4022: $? = 0
configure:4035: result: none needed
configure:4063: checking whether gcc understands -c and -o together
configure:4085: gcc -c conftest.c -o conftest2.o
configure:4088: $? = 0
configure:4085: gcc -c conftest.c -o conftest2.o
configure:4088: $? = 0
configure:4100: result: yes
configure:4122: checking build system type
configure:4136: result: x86_64-unknown-linux-gnu
configure:4156: checking host system type
configure:4169: result: x86_64-unknown-linux-gnu
configure:4207: checking for a BSD-compatible install
configure:4275: result: /usr/bin/install -c
configure:4286: checking whether build environment is sane
configure:4341: result: yes
configure:4489: checking for a thread-safe mkdir -p
configure:4528: result: /usr/bin/mkdir -p
configure:4535: checking for gawk
configure:4551: found /usr/bin/gawk
configure:4562: result: gawk
configure:4573: checking whether make sets $(MAKE)
configure:4595: result: yes
configure:4625: checking for style of include used by make
configure:4653: result: GNU
configure:4687: checking whether make supports nested variables
configure:4704: result: yes
configure:4784: checking whether UID '0' is supported by ustar format
configure:4787: result: yes
configure:4794: checking whether GID '0' is supported by ustar format
configure:4797: result: yes
configure:4805: checking how to create a ustar tar archive
configure:4816: tar --version
tar (GNU tar) 1.28
Copyright (C) 2014 Free Software Foundation, Inc.
License GPLv3+: GNU GPL version 3 or later <http://gnu.org/licenses/gpl.html>.
This is free software: you are free to change and redistribute it.
There is NO WARRANTY, to the extent permitted by law.

Written by John Gilmore and Jay Fenlason.
configure:4819: $? = 0
configure:4859: tardir=conftest.dir && eval tar --format=ustar -chf - "$tardir" >conftest.tar
configure:4862: $? = 0
configure:4866: tar -xf - <conftest.tar
configure:4869: $? = 0
configure:4871: cat conftest.dir/file
GrepMe
configure:4874: $? = 0
configure:4887: result: gnutar
configure:4896: checking dependency style of gcc
configure:5007: result: gcc3
configure:5076: checking whether make supports nested variables
configure:5093: result: yes
configure:5157: checking how to print strings
configure:5184: result: printf
configure:5205: checking for a sed that does not truncate output
configure:5269: result: /usr/bin/sed
configure:5287: checking for grep that handles long lines and -e
configure:5345: result: /usr/bin/grep
configure:5350: checking for egrep
configure:5412: result: /usr/bin/grep -E
configure:5417: checking for fgrep
configure:5479: result: /usr/bin/grep -F
configure:5514: checking for ld used by gcc
configure:5581: result: /usr/bin/ld
configure:5588: checking if the linker (/usr/bin/ld) is GNU ld
configure:5603: result: yes
configure:5615: checking for BSD- or MS-compatible name lister (nm)
configure:5669: result: /usr/bin/nm -B
configure:5799: checking the name lister (/usr/bin/nm -B) interface
configure:5806: gcc -c   conftest.c >&5
configure:5809: /usr/bin/nm -B "conftest.o"
configure:5812: output
0000000000000000 B some_variable
configure:5819: result: BSD nm
configure:5822: checking whether ln -s works
configure:5826: result: yes
configure:5834: checking the maximum length of command line arguments
configure:5965: result: 1572864
configure:6013: checking how to convert x86_64-unknown-linux-gnu file names to x86_64-unknown-linux-gnu format
configure:6053: result: func_convert_file_noop
configure:6060: checking how to convert x86_64-unknown-linux-gnu file names to toolchain format
configure:6080: result: func_convert_file_noop
configure:6087: checking for /usr/bin/ld option to reload object files
configure:6094: result: -r
configure:6168: checking for objdump
configure:6184: found /usr/bin/objdump
configure:6195: result: objdump
configure:6224: checking how to recognize dependent libraries
configure:6424: result: pass_all
configure:6509: checking for dlltool
configure:6539: result: no
configure:6566: checking how to associate runtime and link libraries
configure:6593: result: printf %s\n
configure:6654: checking for ar
configure:6670: found /usr/bin/ar
configure:6681: result: ar
configure:6718: checking for archiver @FILE support
configure:6735: gcc -c   conftest.c >&5
configure:6735: $? = 0
configure:6738: ar Ucru libconftest.a @conftest.lst >&5
configure:6741: $? = 0
configure:6746: ar Ucru libconftest.a @conftest.lst >&5
ar: conftest.o: No such file or directory
configure:6749: $? = 1
configure:6761: result: @
configure:6819: checking for strip
configure:6835: found /usr/bin/strip
configure:6846: result: strip
configure:6918: checking for ranlib
configure:6934: found /usr/bin/ranlib
configure:6945: result: ranlib
configure:7047: checking command to parse /usr/bin/nm -B output from gcc object
configure:7200: gcc -c   conftest.c >&5
configure:7203: $? = 0
configure:7207: /usr/bin/nm -B conftest.o \| sed -n -e 's/^.*[ ]\([ABCDGIRSTW][ABCDGIRSTW]*\)[ ][ ]*\([_A-Za-z][_A-Za-z0-9]*\)$/\1 \2 \2/p' | sed '/ __gnu_lto/d' \> conftest.nm
configure:7210: $? = 0
configure:7276: gcc -o conftest    conftest.c conftstm.o >&5
configure:7279: $? = 0
configure:7317: result: ok
configure:7364: checking for sysroot
configure:7394: result: no
configure:7401: checking for a working dd
configure:7439: result: /usr/bin/dd
configure:7443: checking how to truncate binary pipes
configure:7458: result: /usr/bin/dd bs=4096 count=1
configure:7594: gcc -c   conftest.c >&5
configure:7597: $? = 0
configure:7787: checking for mt
configure:7817: result: no
configure:7837: checking if : is a manifest tool
configure:7843: : '-?'
configure:7851: result: no
configure:8528: checking how to run the C preprocessor
configure:8559: gcc -E  conftest.c
configure:8559: $? = 0
configure:8573: gcc -E  conftest.c
conftest.c:9:28: fatal error: ac_nonexistent.h: No such file or directory
 #include <ac_nonexistent.h>
                            ^
compilation terminated.
configure:8573: $? = 1
configure: failed program was:
| /* confdefs.h */
| #define PACKAGE_NAME "wolfssl"
| #define PACKAGE_TARNAME "wolfssl"
| #define PACKAGE_VERSION "4.3.0"
| #define PACKAGE_STRING "wolfssl 4.3.0"
| #define PACKAGE_BUGREPORT "https://github.com/wolfssl/wolfssl/issues"
| #define PACKAGE_URL "https://www.wolfssl.com"
| /* end confdefs.h.  */
| #include <ac_nonexistent.h>
configure:8598: result: gcc -E
configure:8618: gcc -E  conftest.c
configure:8618: $? = 0
configure:8632: gcc -E  conftest.c
conftest.c:9:28: fatal error: ac_nonexistent.h: No such file or directory
 #include <ac_nonexistent.h>
                            ^
compilation terminated.
configure:8632: $? = 1
configure: failed program was:
| /* confdefs.h */
| #define PACKAGE_NAME "wolfssl"
| #define PACKAGE_TARNAME "wolfssl"
| #define PACKAGE_VERSION "4.3.0"
| #define PACKAGE_STRING "wolfssl 4.3.0"
| #define PACKAGE_BUGREPORT "https://github.com/wolfssl/wolfssl/issues"
| #define PACKAGE_URL "https://www.wolfssl.com"
| /* end confdefs.h.  */
| #include <ac_nonexistent.h>
configure:8661: checking for ANSI C header files
configure:8681: gcc -c   conftest.c >&5
configure:8681: $? = 0
configure:8754: gcc -o conftest    conftest.c  >&5
configure:8754: $? = 0
configure:8754: ./conftest
configure:8754: $? = 0
configure:8765: result: yes
configure:8778: checking for sys/types.h
configure:8778: gcc -c   conftest.c >&5
configure:8778: $? = 0
configure:8778: result: yes
configure:8778: checking for sys/stat.h
configure:8778: gcc -c   conftest.c >&5
configure:8778: $? = 0
configure:8778: result: yes
configure:8778: checking for stdlib.h
configure:8778: gcc -c   conftest.c >&5
configure:8778: $? = 0
configure:8778: result: yes
configure:8778: checking for string.h
configure:8778: gcc -c   conftest.c >&5
configure:8778: $? = 0
configure:8778: result: yes
configure:8778: checking for memory.h
configure:8778: gcc -c   conftest.c >&5
configure:8778: $? = 0
configure:8778: result: yes
configure:8778: checking for strings.h
configure:8778: gcc -c   conftest.c >&5
configure:8778: $? = 0
configure:8778: result: yes
configure:8778: checking for inttypes.h
configure:8778: gcc -c   conftest.c >&5
configure:8778: $? = 0
configure:8778: result: yes
configure:8778: checking for stdint.h
configure:8778: gcc -c   conftest.c >&5
configure:8778: $? = 0
configure:8778: result: yes
configure:8778: checking for unistd.h
configure:8778: gcc -c   conftest.c >&5
configure:8778: $? = 0
configure:8778: result: yes
configure:8792: checking for dlfcn.h
configure:8792: gcc -c   conftest.c >&5
configure:8792: $? = 0
configure:8792: result: yes
configure:9345: checking for objdir
configure:9360: result: .libs
configure:9624: checking if gcc supports -fno-rtti -fno-exceptions
configure:9642: gcc -c   -fno-rtti -fno-exceptions conftest.c >&5
cc1: warning: command line option '-fno-rtti' is valid for C++/ObjC++ but not for C
configure:9646: $? = 0
configure:9659: result: no
configure:10017: checking for gcc option to produce PIC
configure:10024: result: -fPIC -DPIC
configure:10032: checking if gcc PIC flag -fPIC -DPIC works
configure:10050: gcc -c   -fPIC -DPIC -DPIC conftest.c >&5
configure:10054: $? = 0
configure:10067: result: yes
configure:10096: checking if gcc static flag -static works
configure:10124: result: yes
configure:10139: checking if gcc supports -c -o file.o
configure:10160: gcc -c   -o out/conftest2.o conftest.c >&5
configure:10164: $? = 0
configure:10186: result: yes
configure:10194: checking if gcc supports -c -o file.o
configure:10241: result: yes
configure:10274: checking whether the gcc linker (/usr/bin/ld -m elf_x86_64) supports shared libraries
configure:11533: result: yes
configure:11570: checking whether -lc should be explicitly linked in
configure:11578: gcc -c   conftest.c >&5
configure:11581: $? = 0
configure:11596: gcc -shared  -fPIC -DPIC conftest.o  -v -Wl,-soname -Wl,conftest -o conftest 2\>\&1 \| /usr/bin/grep  -lc  \>/dev/null 2\>\&1
configure:11599: $? = 0
configure:11613: result: no
configure:11773: checking dynamic linker characteristics
configure:12354: gcc -o conftest    -Wl,-rpath -Wl,/foo conftest.c  >&5
configure:12354: $? = 0
configure:12591: result: GNU/Linux ld.so
configure:12713: checking how to hardcode library paths into programs
configure:12738: result: immediate
configure:13286: checking whether stripping libraries is possible
configure:13291: result: yes
configure:13326: checking if libtool supports shared libraries
configure:13328: result: yes
configure:13331: checking whether to build shared libraries
configure:13356: result: yes
configure:13359: checking whether to build static libraries
configure:13363: result: no
configure:13426: checking whether the -Werror option is usable
configure:13445: gcc -c  -Werror  conftest.c >&5
configure:13445: $? = 0
configure:13454: result: yes
configure:13456: checking for simple visibility declarations
configure:13483: gcc -c  -fvisibility=hidden -Werror  conftest.c >&5
configure:13483: $? = 0
configure:13492: result: yes
configure:13523: checking size of long long
configure:13528: gcc -o conftest   -fvisibility=hidden  conftest.c  >&5
configure:13528: $? = 0
configure:13528: ./conftest
configure:13528: $? = 0
configure:13542: result: 8
configure:13556: checking size of long
configure:13561: gcc -o conftest   -fvisibility=hidden  conftest.c  >&5
configure:13561: $? = 0
configure:13561: ./conftest
configure:13561: $? = 0
configure:13575: result: 8
configure:13589: checking size of time_t
configure:13594: gcc -o conftest   -fvisibility=hidden  conftest.c  >&5
configure:13594: $? = 0
configure:13594: ./conftest
configure:13594: $? = 0
configure:13608: result: 8
configure:13618: checking for __uint128_t
configure:13618: gcc -c   -fvisibility=hidden conftest.c >&5
configure:13618: $? = 0
configure:13618: gcc -c   -fvisibility=hidden conftest.c >&5
conftest.c: In function 'main':
conftest.c:61:26: error: expected expression before ')' token
 if (sizeof ((__uint128_t)))
                          ^
configure:13618: $? = 1
configure: failed program was:
| /* confdefs.h */
| #define PACKAGE_NAME "wolfssl"
| #define PACKAGE_TARNAME "wolfssl"
| #define PACKAGE_VERSION "4.3.0"
| #define PACKAGE_STRING "wolfssl 4.3.0"
| #define PACKAGE_BUGREPORT "https://github.com/wolfssl/wolfssl/issues"
| #define PACKAGE_URL "https://www.wolfssl.com"
| #define STDC_HEADERS 1
| #define HAVE_SYS_TYPES_H 1
| #define HAVE_SYS_STAT_H 1
| #define HAVE_STDLIB_H 1
| #define HAVE_STRING_H 1
| #define HAVE_MEMORY_H 1
| #define HAVE_STRINGS_H 1
| #define HAVE_INTTYPES_H 1
| #define HAVE_STDINT_H 1
| #define HAVE_UNISTD_H 1
| #define HAVE_DLFCN_H 1
| #define LT_OBJDIR ".libs/"
| #define HAVE_VISIBILITY 1
| #define SIZEOF_LONG_LONG 8
| #define SIZEOF_LONG 8
| #define SIZEOF_TIME_T 8
| /* end confdefs.h.  */
| #include <stdio.h>
| #ifdef HAVE_SYS_TYPES_H
| # include <sys/types.h>
| #endif
| #ifdef HAVE_SYS_STAT_H
| # include <sys/stat.h>
| #endif
| #ifdef STDC_HEADERS
| # include <stdlib.h>
| # include <stddef.h>
| #else
| # ifdef HAVE_STDLIB_H
| #  include <stdlib.h>
| # endif
| #endif
| #ifdef HAVE_STRING_H
| # if !defined STDC_HEADERS && defined HAVE_MEMORY_H
| #  include <memory.h>
| # endif
| # include <string.h>
| #endif
| #ifdef HAVE_STRINGS_H
| # include <strings.h>
| #endif
| #ifdef HAVE_INTTYPES_H
| # include <inttypes.h>
| #endif
| #ifdef HAVE_STDINT_H
| # include <stdint.h>
| #endif
| #ifdef HAVE_UNISTD_H
| # include <unistd.h>
| #endif
| int
| main ()
| {
| if (sizeof ((__uint128_t)))
| 	    return 0;
|   ;
|   return 0;
| }
configure:13618: result: yes
configure:13631: checking for gethostbyname
configure:13631: gcc -o conftest   -fvisibility=hidden  conftest.c  >&5
configure:13631: $? = 0
configure:13631: result: yes
configure:13631: checking for getaddrinfo
configure:13631: gcc -o conftest   -fvisibility=hidden  conftest.c  >&5
configure:13631: $? = 0
configure:13631: result: yes
configure:13631: checking for gettimeofday
configure:13631: gcc -o conftest   -fvisibility=hidden  conftest.c  >&5
configure:13631: $? = 0
configure:13631: result: yes
configure:13631: checking for gmtime_r
configure:13631: gcc -o conftest   -fvisibility=hidden  conftest.c  >&5
configure:13631: $? = 0
configure:13631: result: yes
configure:13631: checking for inet_ntoa
configure:13631: gcc -o conftest   -fvisibility=hidden  conftest.c  >&5
configure:13631: $? = 0
configure:13631: result: yes
configure:13631: checking for memset
configure:13631: gcc -o conftest   -fvisibility=hidden  conftest.c  >&5
conftest.c:54:6: warning: conflicting types for built-in function 'memset'
 char memset ();
      ^
configure:13631: $? = 0
configure:13631: result: yes
configure:13631: checking for socket
configure:13631: gcc -o conftest   -fvisibility=hidden  conftest.c  >&5
configure:13631: $? = 0
configure:13631: result: yes
configure:13643: checking arpa/inet.h usability
configure:13643: gcc -c   -fvisibility=hidden conftest.c >&5
configure:13643: $? = 0
configure:13643: result: yes
configure:13643: checking arpa/inet.h presence
configure:13643: gcc -E  -fvisibility=hidden conftest.c
configure:13643: $? = 0
configure:13643: result: yes
configure:13643: checking for arpa/inet.h
configure:13643: result: yes
configure:13643: checking fcntl.h usability
configure:13643: gcc -c   -fvisibility=hidden conftest.c >&5
configure:13643: $? = 0
configure:13643: result: yes
configure:13643: checking fcntl.h presence
configure:13643: gcc -E  -fvisibility=hidden conftest.c
configure:13643: $? = 0
configure:13643: result: yes
configure:13643: checking for fcntl.h
configure:13643: result: yes
configure:13643: checking limits.h usability
configure:13643: gcc -c   -fvisibility=hidden conftest.c >&5
configure:13643: $? = 0
configure:13643: result: yes
configure:13643: checking limits.h presence
configure:13643: gcc -E  -fvisibility=hidden conftest.c
configure:13643: $? = 0
configure:13643: result: yes
configure:13643: checking for limits.h
configure:13643: result: yes
configure:13643: checking netdb.h usability
configure:13643: gcc -c   -fvisibility=hidden conftest.c >&5
configure:13643: $? = 0
configure:13643: result: yes
configure:13643: checking netdb.h presence
configure:13643: gcc -E  -fvisibility=hidden conftest.c
configure:13643: $? = 0
configure:13643: result: yes
configure:13643: checking for netdb.h
configure:13643: result: yes
configure:13643: checking netinet/in.h usability
configure:13643: gcc -c   -fvisibility=hidden conftest.c >&5
configure:13643: $? = 0
configure:13643: result: yes
configure:13643: checking netinet/in.h presence
configure:13643: gcc -E  -fvisibility=hidden conftest.c
configure:13643: $? = 0
configure:13643: result: yes
configure:13643: checking for netinet/in.h
configure:13643: result: yes
configure:13643: checking stddef.h usability
configure:13643: gcc -c   -fvisibility=hidden conftest.c >&5
configure:13643: $? = 0
configure:13643: result: yes
configure:13643: checking stddef.h presence
configure:13643: gcc -E  -fvisibility=hidden conftest.c
configure:13643: $? = 0
configure:13643: result: yes
configure:13643: checking for stddef.h
configure:13643: result: yes
configure:13643: checking sys/ioctl.h usability
configure:13643: gcc -c   -fvisibility=hidden conftest.c >&5
configure:13643: $? = 0
configure:13643: result: yes
configure:13643: checking sys/ioctl.h presence
configure:13643: gcc -E  -fvisibility=hidden conftest.c
configure:13643: $? = 0
configure:13643: result: yes
configure:13643: checking for sys/ioctl.h
configure:13643: result: yes
configure:13643: checking sys/socket.h usability
configure:13643: gcc -c   -fvisibility=hidden conftest.c >&5
configure:13643: $? = 0
configure:13643: result: yes
configure:13643: checking sys/socket.h presence
configure:13643: gcc -E  -fvisibility=hidden conftest.c
configure:13643: $? = 0
configure:13643: result: yes
configure:13643: checking for sys/socket.h
configure:13643: result: yes
configure:13643: checking sys/time.h usability
configure:13643: gcc -c   -fvisibility=hidden conftest.c >&5
configure:13643: $? = 0
configure:13643: result: yes
configure:13643: checking sys/time.h presence
configure:13643: gcc -E  -fvisibility=hidden conftest.c
configure:13643: $? = 0
configure:13643: result: yes
configure:13643: checking for sys/time.h
configure:13643: result: yes
configure:13643: checking errno.h usability
configure:13643: gcc -c   -fvisibility=hidden conftest.c >&5
configure:13643: $? = 0
configure:13643: result: yes
configure:13643: checking errno.h presence
configure:13643: gcc -E  -fvisibility=hidden conftest.c
configure:13643: $? = 0
configure:13643: result: yes
configure:13643: checking for errno.h
configure:13643: result: yes
configure:13653: checking for socket in -lnetwork
configure:13678: gcc -o conftest   -fvisibility=hidden  conftest.c -lnetwork   >&5
/usr/bin/ld: cannot find -lnetwork
collect2: error: ld returned 1 exit status
configure:13678: $? = 1
configure: failed program was:
| /* confdefs.h */
| #define PACKAGE_NAME "wolfssl"
| #define PACKAGE_TARNAME "wolfssl"
| #define PACKAGE_VERSION "4.3.0"
| #define PACKAGE_STRING "wolfssl 4.3.0"
| #define PACKAGE_BUGREPORT "https://github.com/wolfssl/wolfssl/issues"
| #define PACKAGE_URL "https://www.wolfssl.com"
| #define STDC_HEADERS 1
| #define HAVE_SYS_TYPES_H 1
| #define HAVE_SYS_STAT_H 1
| #define HAVE_STDLIB_H 1
| #define HAVE_STRING_H 1
| #define HAVE_MEMORY_H 1
| #define HAVE_STRINGS_H 1
| #define HAVE_INTTYPES_H 1
| #define HAVE_STDINT_H 1
| #define HAVE_UNISTD_H 1
| #define HAVE_DLFCN_H 1
| #define LT_OBJDIR ".libs/"
| #define HAVE_VISIBILITY 1
| #define SIZEOF_LONG_LONG 8
| #define SIZEOF_LONG 8
| #define SIZEOF_TIME_T 8
| #define HAVE___UINT128_T 1
| #define HAVE_GETHOSTBYNAME 1
| #define HAVE_GETADDRINFO 1
| #define HAVE_GETTIMEOFDAY 1
| #define HAVE_GMTIME_R 1
| #define HAVE_INET_NTOA 1
| #define HAVE_MEMSET 1
| #define HAVE_SOCKET 1
| #define HAVE_ARPA_INET_H 1
| #define HAVE_FCNTL_H 1
| #define HAVE_LIMITS_H 1
| #define HAVE_NETDB_H 1
| #define HAVE_NETINET_IN_H 1
| #define HAVE_STDDEF_H 1
| #define HAVE_SYS_IOCTL_H 1
| #define HAVE_SYS_SOCKET_H 1
| #define HAVE_SYS_TIME_H 1
| #define HAVE_ERRNO_H 1
| /* end confdefs.h.  */
| 
| /* Override any GCC internal prototype to avoid an error.
|    Use char because int might match the return type of a GCC
|    builtin and then its argument prototype would still apply.  */
| #ifdef __cplusplus
| extern "C"
| #endif
| char socket ();
| int
| main ()
| {
| return socket ();
|   ;
|   return 0;
| }
configure:13687: result: no
configure:13698: checking whether byte ordering is bigendian
configure:13713: gcc -c   -fvisibility=hidden conftest.c >&5
conftest.c:44:9: error: unknown type name 'not'
         not a universal capable compiler
         ^
conftest.c:44:15: error: expected '=', ',', ';', 'asm' or '__attribute__' before 'universal'
         not a universal capable compiler
               ^
conftest.c:44:15: error: unknown type name 'universal'
configure:13713: $? = 1
configure: failed program was:
| /* confdefs.h */
| #define PACKAGE_NAME "wolfssl"
| #define PACKAGE_TARNAME "wolfssl"
| #define PACKAGE_VERSION "4.3.0"
| #define PACKAGE_STRING "wolfssl 4.3.0"
| #define PACKAGE_BUGREPORT "https://github.com/wolfssl/wolfssl/issues"
| #define PACKAGE_URL "https://www.wolfssl.com"
| #define STDC_HEADERS 1
| #define HAVE_SYS_TYPES_H 1
| #define HAVE_SYS_STAT_H 1
| #define HAVE_STDLIB_H 1
| #define HAVE_STRING_H 1
| #define HAVE_MEMORY_H 1
| #define HAVE_STRINGS_H 1
| #define HAVE_INTTYPES_H 1
| #define HAVE_STDINT_H 1
| #define HAVE_UNISTD_H 1
| #define HAVE_DLFCN_H 1
| #define LT_OBJDIR ".libs/"
| #define HAVE_VISIBILITY 1
| #define SIZEOF_LONG_LONG 8
| #define SIZEOF_LONG 8
| #define SIZEOF_TIME_T 8
| #define HAVE___UINT128_T 1
| #define HAVE_GETHOSTBYNAME 1
| #define HAVE_GETADDRINFO 1
| #define HAVE_GETTIMEOFDAY 1
| #define HAVE_GMTIME_R 1
| #define HAVE_INET_NTOA 1
| #define HAVE_MEMSET 1
| #define HAVE_SOCKET 1
| #define HAVE_ARPA_INET_H 1
| #define HAVE_FCNTL_H 1
| #define HAVE_LIMITS_H 1
| #define HAVE_NETDB_H 1
| #define HAVE_NETINET_IN_H 1
| #define HAVE_STDDEF_H 1
| #define HAVE_SYS_IOCTL_H 1
| #define HAVE_SYS_SOCKET_H 1
| #define HAVE_SYS_TIME_H 1
| #define HAVE_ERRNO_H 1
| /* end confdefs.h.  */
| #ifndef __APPLE_CC__
| 	       not a universal capable compiler
| 	     #endif
| 	     typedef int dummy;
| 
configure:13758: gcc -c   -fvisibility=hidden conftest.c >&5
configure:13758: $? = 0
configure:13776: gcc -c   -fvisibility=hidden conftest.c >&5
conftest.c: In function 'main':
conftest.c:50:4: error: unknown type name 'not'
    not big endian
    ^
conftest.c:50:12: error: expected '=', ',', ';', 'asm' or '__attribute__' before 'endian'
    not big endian
            ^
configure:13776: $? = 1
configure: failed program was:
| /* confdefs.h */
| #define PACKAGE_NAME "wolfssl"
| #define PACKAGE_TARNAME "wolfssl"
| #define PACKAGE_VERSION "4.3.0"
| #define PACKAGE_STRING "wolfssl 4.3.0"
| #define PACKAGE_BUGREPORT "https://github.com/wolfssl/wolfssl/issues"
| #define PACKAGE_URL "https://www.wolfssl.com"
| #define STDC_HEADERS 1
| #define HAVE_SYS_TYPES_H 1
| #define HAVE_SYS_STAT_H 1
| #define HAVE_STDLIB_H 1
| #define HAVE_STRING_H 1
| #define HAVE_MEMORY_H 1
| #define HAVE_STRINGS_H 1
| #define HAVE_INTTYPES_H 1
| #define HAVE_STDINT_H 1
| #define HAVE_UNISTD_H 1
| #define HAVE_DLFCN_H 1
| #define LT_OBJDIR ".libs/"
| #define HAVE_VISIBILITY 1
| #define SIZEOF_LONG_LONG 8
| #define SIZEOF_LONG 8
| #define SIZEOF_TIME_T 8
| #define HAVE___UINT128_T 1
| #define HAVE_GETHOSTBYNAME 1
| #define HAVE_GETADDRINFO 1
| #define HAVE_GETTIMEOFDAY 1
| #define HAVE_GMTIME_R 1
| #define HAVE_INET_NTOA 1
| #define HAVE_MEMSET 1
| #define HAVE_SOCKET 1
| #define HAVE_ARPA_INET_H 1
| #define HAVE_FCNTL_H 1
| #define HAVE_LIMITS_H 1
| #define HAVE_NETDB_H 1
| #define HAVE_NETINET_IN_H 1
| #define HAVE_STDDEF_H 1
| #define HAVE_SYS_IOCTL_H 1
| #define HAVE_SYS_SOCKET_H 1
| #define HAVE_SYS_TIME_H 1
| #define HAVE_ERRNO_H 1
| /* end confdefs.h.  */
| #include <sys/types.h>
| 		#include <sys/param.h>
| 
| int
| main ()
| {
| #if BYTE_ORDER != BIG_ENDIAN
| 		 not big endian
| 		#endif
| 
|   ;
|   return 0;
| }
configure:13904: result: no
configure:13924: checking for size_t
configure:13924: gcc -c   -fvisibility=hidden conftest.c >&5
configure:13924: $? = 0
configure:13924: gcc -c   -fvisibility=hidden conftest.c >&5
conftest.c: In function 'main':
conftest.c:79:21: error: expected expression before ')' token
 if (sizeof ((size_t)))
                     ^
configure:13924: $? = 1
configure: failed program was:
| /* confdefs.h */
| #define PACKAGE_NAME "wolfssl"
| #define PACKAGE_TARNAME "wolfssl"
| #define PACKAGE_VERSION "4.3.0"
| #define PACKAGE_STRING "wolfssl 4.3.0"
| #define PACKAGE_BUGREPORT "https://github.com/wolfssl/wolfssl/issues"
| #define PACKAGE_URL "https://www.wolfssl.com"
| #define STDC_HEADERS 1
| #define HAVE_SYS_TYPES_H 1
| #define HAVE_SYS_STAT_H 1
| #define HAVE_STDLIB_H 1
| #define HAVE_STRING_H 1
| #define HAVE_MEMORY_H 1
| #define HAVE_STRINGS_H 1
| #define HAVE_INTTYPES_H 1
| #define HAVE_STDINT_H 1
| #define HAVE_UNISTD_H 1
| #define HAVE_DLFCN_H 1
| #define LT_OBJDIR ".libs/"
| #define HAVE_VISIBILITY 1
| #define SIZEOF_LONG_LONG 8
| #define SIZEOF_LONG 8
| #define SIZEOF_TIME_T 8
| #define HAVE___UINT128_T 1
| #define HAVE_GETHOSTBYNAME 1
| #define HAVE_GETADDRINFO 1
| #define HAVE_GETTIMEOFDAY 1
| #define HAVE_GMTIME_R 1
| #define HAVE_INET_NTOA 1
| #define HAVE_MEMSET 1
| #define HAVE_SOCKET 1
| #define HAVE_ARPA_INET_H 1
| #define HAVE_FCNTL_H 1
| #define HAVE_LIMITS_H 1
| #define HAVE_NETDB_H 1
| #define HAVE_NETINET_IN_H 1
| #define HAVE_STDDEF_H 1
| #define HAVE_SYS_IOCTL_H 1
| #define HAVE_SYS_SOCKET_H 1
| #define HAVE_SYS_TIME_H 1
| #define HAVE_ERRNO_H 1
| /* end confdefs.h.  */
| #include <stdio.h>
| #ifdef HAVE_SYS_TYPES_H
| # include <sys/types.h>
| #endif
| #ifdef HAVE_SYS_STAT_H
| # include <sys/stat.h>
| #endif
| #ifdef STDC_HEADERS
| # include <stdlib.h>
| # include <stddef.h>
| #else
| # ifdef HAVE_STDLIB_H
| #  include <stdlib.h>
| # endif
| #endif
| #ifdef HAVE_STRING_H
| # if !defined STDC_HEADERS && defined HAVE_MEMORY_H
| #  include <memory.h>
| # endif
| # include <string.h>
| #endif
| #ifdef HAVE_STRINGS_H
| # include <strings.h>
| #endif
| #ifdef HAVE_INTTYPES_H
| # include <inttypes.h>
| #endif
| #ifdef HAVE_STDINT_H
| # include <stdint.h>
| #endif
| #ifdef HAVE_UNISTD_H
| # include <unistd.h>
| #endif
| int
| main ()
| {
| if (sizeof ((size_t)))
| 	    return 0;
|   ;
|   return 0;
| }
configure:13924: result: yes
configure:13935: checking for uint8_t
configure:13935: gcc -c   -fvisibility=hidden conftest.c >&5
configure:13935: $? = 0
configure:13935: result: yes
configure:13958: checking dependency style of gcc
configure:14067: result: gcc3
configure:14170: checking for cos in -lm
configure:14195: gcc -o conftest   -fvisibility=hidden  conftest.c -lm   >&5
conftest.c:50:6: warning: conflicting types for built-in function 'cos'
 char cos ();
      ^
configure:14195: $? = 0
configure:14204: result: yes
configure:14224: checking for thread local storage (TLS) class
configure:14252: gcc -c   -fvisibility=hidden conftest.c >&5
configure:14252: $? = 0
configure:14264: result: __thread
configure:14303: checking for debug
configure:14305: result: no
configure:14672: checking whether gcc is Clang
configure:14697: result: no
configure:14820: checking whether pthreads work with -pthread
configure:14911: gcc -o conftest  -pthread  -fvisibility=hidden  conftest.c   >&5
configure:14911: $? = 0
configure:14920: result: yes
configure:14939: checking for joinable pthread attribute
configure:14957: gcc -o conftest  -pthread  -fvisibility=hidden  conftest.c   >&5
configure:14957: $? = 0
configure:14965: result: PTHREAD_CREATE_JOINABLE
configure:14979: checking whether more special flags are required for pthreads
configure:14992: result: no
configure:15000: checking for PTHREAD_PRIO_INHERIT
configure:15016: gcc -o conftest  -pthread  -fvisibility=hidden  conftest.c   >&5
configure:15016: $? = 0
configure:15025: result: yes
configure:20590: checking for fast RSA
configure:20605: result: no
configure:21835: checking for library containing gethostbyname
configure:21866: gcc -o conftest   -fvisibility=hidden  conftest.c   >&5
configure:21866: $? = 0
configure:21883: result: none required
configure:21891: checking for library containing socket
configure:21922: gcc -o conftest   -fvisibility=hidden  conftest.c   >&5
configure:21922: $? = 0
configure:21939: result: none required
configure:21990: checking for vcs system
configure:22010: result: none
configure:22019: checking for vcs checkout
configure:22031: result: no
configure:22103: checking whether the linker accepts -Werror
configure:22122: gcc -o conftest   -fvisibility=hidden   -Werror conftest.c   >&5
configure:22122: $? = 0
configure:22131: result: yes
configure:22145: checking whether the linker accepts -z relro -z now
configure:22164: gcc -o conftest   -fvisibility=hidden  -Werror -z relro -z now conftest.c   >&5
configure:22164: $? = 0
configure:22174: result: yes
configure:22186: checking whether the linker accepts -pie
configure:22205: gcc -o conftest   -fvisibility=hidden  -Werror -pie conftest.c   >&5
configure:22205: $? = 0
configure:22215: result: yes
configure:22329: checking whether C compiler accepts -Werror
configure:22348: gcc -c   -Werror  -fvisibility=hidden conftest.c >&5
configure:22348: $? = 0
configure:22357: result: yes
configure:22373: : ax_append_compile_cflags_extra="$ax_append_compile_cflags_extra"
configure:22376: $? = 0
configure:22637: checking whether C compiler accepts -Wno-pragmas
configure:22656: gcc -c   -Werror -Wno-pragmas  -fvisibility=hidden conftest.c >&5
configure:22656: $? = 0
configure:22665: result: yes
configure:22681: : CFLAGS="$CFLAGS"
configure:22684: $? = 0
configure:22713: checking whether C compiler accepts -Wall
configure:22732: gcc -c  -Wno-pragmas  -Werror -Wall  -fvisibility=hidden conftest.c >&5
configure:22732: $? = 0
configure:22741: result: yes
configure:22757: : CFLAGS="$CFLAGS"
configure:22760: $? = 0
configure:22788: checking whether C compiler accepts -Wno-strict-aliasing
configure:22807: gcc -c  -Wno-pragmas -Wall  -Werror -Wno-strict-aliasing  -fvisibility=hidden conftest.c >&5
configure:22807: $? = 0
configure:22816: result: yes
configure:22832: : CFLAGS="$CFLAGS"
configure:22835: $? = 0
configure:22863: checking whether C compiler accepts -Wextra
configure:22882: gcc -c  -Wno-pragmas -Wall -Wno-strict-aliasing  -Werror -Wextra  -fvisibility=hidden conftest.c >&5
configure:22882: $? = 0
configure:22891: result: yes
configure:22907: : CFLAGS="$CFLAGS"
configure:22910: $? = 0
configure:22938: checking whether C compiler accepts -Wunknown-pragmas
configure:22957: gcc -c  -Wno-pragmas -Wall -Wno-strict-aliasing -Wextra  -Werror -Wunknown-pragmas  -fvisibility=hidden conftest.c >&5
configure:22957: $? = 0
configure:22966: result: yes
configure:22982: : CFLAGS="$CFLAGS"
configure:22985: $? = 0
configure:23013: checking whether C compiler accepts -Wthis-test-should-fail
configure:23032: gcc -c  -Wno-pragmas -Wall -Wno-strict-aliasing -Wextra -Wunknown-pragmas  -Werror -Wthis-test-should-fail  -fvisibility=hidden conftest.c >&5
gcc: error: unrecognized command line option '-Wthis-test-should-fail'
configure:23032: $? = 1
configure: failed program was:
| /* confdefs.h */
| #define PACKAGE_NAME "wolfssl"
| #define PACKAGE_TARNAME "wolfssl"
| #define PACKAGE_VERSION "4.3.0"
| #define PACKAGE_STRING "wolfssl 4.3.0"
| #define PACKAGE_BUGREPORT "https://github.com/wolfssl/wolfssl/issues"
| #define PACKAGE_URL "https://www.wolfssl.com"
| #define STDC_HEADERS 1
| #define HAVE_SYS_TYPES_H 1
| #define HAVE_SYS_STAT_H 1
| #define HAVE_STDLIB_H 1
| #define HAVE_STRING_H 1
| #define HAVE_MEMORY_H 1
| #define HAVE_STRINGS_H 1
| #define HAVE_INTTYPES_H 1
| #define HAVE_STDINT_H 1
| #define HAVE_UNISTD_H 1
| #define HAVE_DLFCN_H 1
| #define LT_OBJDIR ".libs/"
| #define HAVE_VISIBILITY 1
| #define SIZEOF_LONG_LONG 8
| #define SIZEOF_LONG 8
| #define SIZEOF_TIME_T 8
| #define HAVE___UINT128_T 1
| #define HAVE_GETHOSTBYNAME 1
| #define HAVE_GETADDRINFO 1
| #define HAVE_GETTIMEOFDAY 1
| #define HAVE_GMTIME_R 1
| #define HAVE_INET_NTOA 1
| #define HAVE_MEMSET 1
| #define HAVE_SOCKET 1
| #define HAVE_ARPA_INET_H 1
| #define HAVE_FCNTL_H 1
| #define HAVE_LIMITS_H 1
| #define HAVE_NETDB_H 1
| #define HAVE_NETINET_IN_H 1
| #define HAVE_STDDEF_H 1
| #define HAVE_SYS_IOCTL_H 1
| #define HAVE_SYS_SOCKET_H 1
| #define HAVE_SYS_TIME_H 1
| #define HAVE_ERRNO_H 1
| #define TLS __thread
| #define DEBUG 0
| #define HAVE_PTHREAD_PRIO_INHERIT 1
| #define HAVE_PTHREAD 1
| #define BUILD_USER_RSA /**/
| #define VCS_SYSTEM "none"
| #define VCS_CHECKOUT 0
| /* end confdefs.h.  */
| 
| int
| main ()
| {
| 
|   ;
|   return 0;
| }
configure:23041: result: no
configure:23092: checking whether C compiler accepts --param=ssp-buffer-size=1
configure:23111: gcc -c  -Wno-pragmas -Wall -Wno-strict-aliasing -Wextra -Wunknown-pragmas  -Werror --param=ssp-buffer-size=1  -fvisibility=hidden conftest.c >&5
configure:23111: $? = 0
configure:23120: result: yes
configure:23136: : CFLAGS="$CFLAGS"
configure:23139: $? = 0
configure:23169: checking whether C compiler accepts -Waddress
configure:23188: gcc -c  -Wno-pragmas -Wall -Wno-strict-aliasing -Wextra -Wunknown-pragmas --param=ssp-buffer-size=1  -Werror -Waddress  -fvisibility=hidden conftest.c >&5
configure:23188: $? = 0
configure:23197: result: yes
configure:23213: : CFLAGS="$CFLAGS"
configure:23216: $? = 0
configure:23244: checking whether C compiler accepts -Warray-bounds
configure:23263: gcc -c  -Wno-pragmas -Wall -Wno-strict-aliasing -Wextra -Wunknown-pragmas --param=ssp-buffer-size=1 -Waddress  -Werror -Warray-bounds  -fvisibility=hidden conftest.c >&5
configure:23263: $? = 0
configure:23272: result: yes
configure:23288: : CFLAGS="$CFLAGS"
configure:23291: $? = 0
configure:23319: checking whether C compiler accepts -Wbad-function-cast
configure:23338: gcc -c  -Wno-pragmas -Wall -Wno-strict-aliasing -Wextra -Wunknown-pragmas --param=ssp-buffer-size=1 -Waddress -Warray-bounds  -Werror -Wbad-function-cast  -fvisibility=hidden conftest.c >&5
configure:23338: $? = 0
configure:23347: result: yes
configure:23363: : CFLAGS="$CFLAGS"
configure:23366: $? = 0
configure:23394: checking whether C compiler accepts -Wchar-subscripts
configure:23413: gcc -c  -Wno-pragmas -Wall -Wno-strict-aliasing -Wextra -Wunknown-pragmas --param=ssp-buffer-size=1 -Waddress -Warray-bounds -Wbad-function-cast  -Werror -Wchar-subscripts  -fvisibility=hidden conftest.c >&5
configure:23413: $? = 0
configure:23422: result: yes
configure:23438: : CFLAGS="$CFLAGS"
configure:23441: $? = 0
configure:23469: checking whether C compiler accepts -Wcomment
configure:23488: gcc -c  -Wno-pragmas -Wall -Wno-strict-aliasing -Wextra -Wunknown-pragmas --param=ssp-buffer-size=1 -Waddress -Warray-bounds -Wbad-function-cast -Wchar-subscripts  -Werror -Wcomment  -fvisibility=hidden conftest.c >&5
configure:23488: $? = 0
configure:23497: result: yes
configure:23513: : CFLAGS="$CFLAGS"
configure:23516: $? = 0
configure:23544: checking whether C compiler accepts -Wfloat-equal
configure:23563: gcc -c  -Wno-pragmas -Wall -Wno-strict-aliasing -Wextra -Wunknown-pragmas --param=ssp-buffer-size=1 -Waddress -Warray-bounds -Wbad-function-cast -Wchar-subscripts -Wcomment  -Werror -Wfloat-equal  -fvisibility=hidden conftest.c >&5
configure:23563: $? = 0
configure:23572: result: yes
configure:23588: : CFLAGS="$CFLAGS"
configure:23591: $? = 0
configure:23619: checking whether C compiler accepts -Wformat-security
configure:23638: gcc -c  -Wno-pragmas -Wall -Wno-strict-aliasing -Wextra -Wunknown-pragmas --param=ssp-buffer-size=1 -Waddress -Warray-bounds -Wbad-function-cast -Wchar-subscripts -Wcomment -Wfloat-equal  -Werror -Wformat-security  -fvisibility=hidden conftest.c >&5
configure:23638: $? = 0
configure:23647: result: yes
configure:23663: : CFLAGS="$CFLAGS"
configure:23666: $? = 0
configure:23694: checking whether C compiler accepts -Wformat=2
configure:23713: gcc -c  -Wno-pragmas -Wall -Wno-strict-aliasing -Wextra -Wunknown-pragmas --param=ssp-buffer-size=1 -Waddress -Warray-bounds -Wbad-function-cast -Wchar-subscripts -Wcomment -Wfloat-equal -Wformat-security  -Werror -Wformat=2  -fvisibility=hidden conftest.c >&5
configure:23713: $? = 0
configure:23722: result: yes
configure:23738: : CFLAGS="$CFLAGS"
configure:23741: $? = 0
configure:23769: checking whether C compiler accepts -Wmaybe-uninitialized
configure:23788: gcc -c  -Wno-pragmas -Wall -Wno-strict-aliasing -Wextra -Wunknown-pragmas --param=ssp-buffer-size=1 -Waddress -Warray-bounds -Wbad-function-cast -Wchar-subscripts -Wcomment -Wfloat-equal -Wformat-security -Wformat=2  -Werror -Wmaybe-uninitialized  -fvisibility=hidden conftest.c >&5
configure:23788: $? = 0
configure:23797: result: yes
configure:23813: : CFLAGS="$CFLAGS"
configure:23816: $? = 0
configure:23844: checking whether C compiler accepts -Wmissing-field-initializers
configure:23863: gcc -c  -Wno-pragmas -Wall -Wno-strict-aliasing -Wextra -Wunknown-pragmas --param=ssp-buffer-size=1 -Waddress -Warray-bounds -Wbad-function-cast -Wchar-subscripts -Wcomment -Wfloat-equal -Wformat-security -Wformat=2 -Wmaybe-uninitialized  -Werror -Wmissing-field-initializers  -fvisibility=hidden conftest.c >&5
configure:23863: $? = 0
configure:23872: result: yes
configure:23888: : CFLAGS="$CFLAGS"
configure:23891: $? = 0
configure:23919: checking whether C compiler accepts -Wmissing-noreturn
configure:23938: gcc -c  -Wno-pragmas -Wall -Wno-strict-aliasing -Wextra -Wunknown-pragmas --param=ssp-buffer-size=1 -Waddress -Warray-bounds -Wbad-function-cast -Wchar-subscripts -Wcomment -Wfloat-equal -Wformat-security -Wformat=2 -Wmaybe-uninitialized -Wmissing-field-initializers  -Werror -Wmissing-noreturn  -fvisibility=hidden conftest.c >&5
configure:23938: $? = 0
configure:23947: result: yes
configure:23963: : CFLAGS="$CFLAGS"
configure:23966: $? = 0
configure:23994: checking whether C compiler accepts -Wmissing-prototypes
configure:24013: gcc -c  -Wno-pragmas -Wall -Wno-strict-aliasing -Wextra -Wunknown-pragmas --param=ssp-buffer-size=1 -Waddress -Warray-bounds -Wbad-function-cast -Wchar-subscripts -Wcomment -Wfloat-equal -Wformat-security -Wformat=2 -Wmaybe-uninitialized -Wmissing-field-initializers -Wmissing-noreturn  -Werror -Wmissing-prototypes  -fvisibility=hidden conftest.c >&5
configure:24013: $? = 0
configure:24022: result: yes
configure:24038: : CFLAGS="$CFLAGS"
configure:24041: $? = 0
configure:24069: checking whether C compiler accepts -Wnested-externs
configure:24088: gcc -c  -Wno-pragmas -Wall -Wno-strict-aliasing -Wextra -Wunknown-pragmas --param=ssp-buffer-size=1 -Waddress -Warray-bounds -Wbad-function-cast -Wchar-subscripts -Wcomment -Wfloat-equal -Wformat-security -Wformat=2 -Wmaybe-uninitialized -Wmissing-field-initializers -Wmissing-noreturn -Wmissing-prototypes  -Werror -Wnested-externs  -fvisibility=hidden conftest.c >&5
configure:24088: $? = 0
configure:24097: result: yes
configure:24113: : CFLAGS="$CFLAGS"
configure:24116: $? = 0
configure:24144: checking whether C compiler accepts -Wnormalized=id
configure:24163: gcc -c  -Wno-pragmas -Wall -Wno-strict-aliasing -Wextra -Wunknown-pragmas --param=ssp-buffer-size=1 -Waddress -Warray-bounds -Wbad-function-cast -Wchar-subscripts -Wcomment -Wfloat-equal -Wformat-security -Wformat=2 -Wmaybe-uninitialized -Wmissing-field-initializers -Wmissing-noreturn -Wmissing-prototypes -Wnested-externs  -Werror -Wnormalized=id  -fvisibility=hidden conftest.c >&5
configure:24163: $? = 0
configure:24172: result: yes
configure:24188: : CFLAGS="$CFLAGS"
configure:24191: $? = 0
configure:24219: checking whether C compiler accepts -Woverride-init
configure:24238: gcc -c  -Wno-pragmas -Wall -Wno-strict-aliasing -Wextra -Wunknown-pragmas --param=ssp-buffer-size=1 -Waddress -Warray-bounds -Wbad-function-cast -Wchar-subscripts -Wcomment -Wfloat-equal -Wformat-security -Wformat=2 -Wmaybe-uninitialized -Wmissing-field-initializers -Wmissing-noreturn -Wmissing-prototypes -Wnested-externs -Wnormalized=id  -Werror -Woverride-init  -fvisibility=hidden conftest.c >&5
configure:24238: $? = 0
configure:24247: result: yes
configure:24263: : CFLAGS="$CFLAGS"
configure:24266: $? = 0
configure:24294: checking whether C compiler accepts -Wpointer-arith
configure:24313: gcc -c  -Wno-pragmas -Wall -Wno-strict-aliasing -Wextra -Wunknown-pragmas --param=ssp-buffer-size=1 -Waddress -Warray-bounds -Wbad-function-cast -Wchar-subscripts -Wcomment -Wfloat-equal -Wformat-security -Wformat=2 -Wmaybe-uninitialized -Wmissing-field-initializers -Wmissing-noreturn -Wmissing-prototypes -Wnested-externs -Wnormalized=id -Woverride-init  -Werror -Wpointer-arith  -fvisibility=hidden conftest.c >&5
configure:24313: $? = 0
configure:24322: result: yes
configure:24338: : CFLAGS="$CFLAGS"
configure:24341: $? = 0
configure:24369: checking whether C compiler accepts -Wpointer-sign
configure:24388: gcc -c  -Wno-pragmas -Wall -Wno-strict-aliasing -Wextra -Wunknown-pragmas --param=ssp-buffer-size=1 -Waddress -Warray-bounds -Wbad-function-cast -Wchar-subscripts -Wcomment -Wfloat-equal -Wformat-security -Wformat=2 -Wmaybe-uninitialized -Wmissing-field-initializers -Wmissing-noreturn -Wmissing-prototypes -Wnested-externs -Wnormalized=id -Woverride-init -Wpointer-arith  -Werror -Wpointer-sign  -fvisibility=hidden conftest.c >&5
configure:24388: $? = 0
configure:24397: result: yes
configure:24413: : CFLAGS="$CFLAGS"
configure:24416: $? = 0
configure:24444: checking whether C compiler accepts -Wredundant-decls
configure:24463: gcc -c  -Wno-pragmas -Wall -Wno-strict-aliasing -Wextra -Wunknown-pragmas --param=ssp-buffer-size=1 -Waddress -Warray-bounds -Wbad-function-cast -Wchar-subscripts -Wcomment -Wfloat-equal -Wformat-security -Wformat=2 -Wmaybe-uninitialized -Wmissing-field-initializers -Wmissing-noreturn -Wmissing-prototypes -Wnested-externs -Wnormalized=id -Woverride-init -Wpointer-arith -Wpointer-sign  -Werror -Wredundant-decls  -fvisibility=hidden conftest.c >&5
configure:24463: $? = 0
configure:24472: result: yes
configure:24488: : CFLAGS="$CFLAGS"
configure:24491: $? = 0
configure:24519: checking whether C compiler accepts -Wshadow
configure:24538: gcc -c  -Wno-pragmas -Wall -Wno-strict-aliasing -Wextra -Wunknown-pragmas --param=ssp-buffer-size=1 -Waddress -Warray-bounds -Wbad-function-cast -Wchar-subscripts -Wcomment -Wfloat-equal -Wformat-security -Wformat=2 -Wmaybe-uninitialized -Wmissing-field-initializers -Wmissing-noreturn -Wmissing-prototypes -Wnested-externs -Wnormalized=id -Woverride-init -Wpointer-arith -Wpointer-sign -Wredundant-decls  -Werror -Wshadow  -fvisibility=hidden conftest.c >&5
configure:24538: $? = 0
configure:24547: result: yes
configure:24563: : CFLAGS="$CFLAGS"
configure:24566: $? = 0
configure:24594: checking whether C compiler accepts -Wshorten-64-to-32
configure:24613: gcc -c  -Wno-pragmas -Wall -Wno-strict-aliasing -Wextra -Wunknown-pragmas --param=ssp-buffer-size=1 -Waddress -Warray-bounds -Wbad-function-cast -Wchar-subscripts -Wcomment -Wfloat-equal -Wformat-security -Wformat=2 -Wmaybe-uninitialized -Wmissing-field-initializers -Wmissing-noreturn -Wmissing-prototypes -Wnested-externs -Wnormalized=id -Woverride-init -Wpointer-arith -Wpointer-sign -Wredundant-decls -Wshadow  -Werror -Wshorten-64-to-32  -fvisibility=hidden conftest.c >&5
gcc: error: unrecognized command line option '-Wshorten-64-to-32'
configure:24613: $? = 1
configure: failed program was:
| /* confdefs.h */
| #define PACKAGE_NAME "wolfssl"
| #define PACKAGE_TARNAME "wolfssl"
| #define PACKAGE_VERSION "4.3.0"
| #define PACKAGE_STRING "wolfssl 4.3.0"
| #define PACKAGE_BUGREPORT "https://github.com/wolfssl/wolfssl/issues"
| #define PACKAGE_URL "https://www.wolfssl.com"
| #define STDC_HEADERS 1
| #define HAVE_SYS_TYPES_H 1
| #define HAVE_SYS_STAT_H 1
| #define HAVE_STDLIB_H 1
| #define HAVE_STRING_H 1
| #define HAVE_MEMORY_H 1
| #define HAVE_STRINGS_H 1
| #define HAVE_INTTYPES_H 1
| #define HAVE_STDINT_H 1
| #define HAVE_UNISTD_H 1
| #define HAVE_DLFCN_H 1
| #define LT_OBJDIR ".libs/"
| #define HAVE_VISIBILITY 1
| #define SIZEOF_LONG_LONG 8
| #define SIZEOF_LONG 8
| #define SIZEOF_TIME_T 8
| #define HAVE___UINT128_T 1
| #define HAVE_GETHOSTBYNAME 1
| #define HAVE_GETADDRINFO 1
| #define HAVE_GETTIMEOFDAY 1
| #define HAVE_GMTIME_R 1
| #define HAVE_INET_NTOA 1
| #define HAVE_MEMSET 1
| #define HAVE_SOCKET 1
| #define HAVE_ARPA_INET_H 1
| #define HAVE_FCNTL_H 1
| #define HAVE_LIMITS_H 1
| #define HAVE_NETDB_H 1
| #define HAVE_NETINET_IN_H 1
| #define HAVE_STDDEF_H 1
| #define HAVE_SYS_IOCTL_H 1
| #define HAVE_SYS_SOCKET_H 1
| #define HAVE_SYS_TIME_H 1
| #define HAVE_ERRNO_H 1
| #define TLS __thread
| #define DEBUG 0
| #define HAVE_PTHREAD_PRIO_INHERIT 1
| #define HAVE_PTHREAD 1
| #define BUILD_USER_RSA /**/
| #define VCS_SYSTEM "none"
| #define VCS_CHECKOUT 0
| /* end confdefs.h.  */
| 
| int
| main ()
| {
| 
|   ;
|   return 0;
| }
configure:24622: result: no
configure:24669: checking whether C compiler accepts -Wsign-compare
configure:24688: gcc -c  -Wno-pragmas -Wall -Wno-strict-aliasing -Wextra -Wunknown-pragmas --param=ssp-buffer-size=1 -Waddress -Warray-bounds -Wbad-function-cast -Wchar-subscripts -Wcomment -Wfloat-equal -Wformat-security -Wformat=2 -Wmaybe-uninitialized -Wmissing-field-initializers -Wmissing-noreturn -Wmissing-prototypes -Wnested-externs -Wnormalized=id -Woverride-init -Wpointer-arith -Wpointer-sign -Wredundant-decls -Wshadow  -Werror -Wsign-compare  -fvisibility=hidden conftest.c >&5
configure:24688: $? = 0
configure:24697: result: yes
configure:24713: : CFLAGS="$CFLAGS"
configure:24716: $? = 0
configure:24744: checking whether C compiler accepts -Wstrict-overflow=1
configure:24763: gcc -c  -Wno-pragmas -Wall -Wno-strict-aliasing -Wextra -Wunknown-pragmas --param=ssp-buffer-size=1 -Waddress -Warray-bounds -Wbad-function-cast -Wchar-subscripts -Wcomment -Wfloat-equal -Wformat-security -Wformat=2 -Wmaybe-uninitialized -Wmissing-field-initializers -Wmissing-noreturn -Wmissing-prototypes -Wnested-externs -Wnormalized=id -Woverride-init -Wpointer-arith -Wpointer-sign -Wredundant-decls -Wshadow -Wsign-compare  -Werror -Wstrict-overflow=1  -fvisibility=hidden conftest.c >&5
configure:24763: $? = 0
configure:24772: result: yes
configure:24788: : CFLAGS="$CFLAGS"
configure:24791: $? = 0
configure:24819: checking whether C compiler accepts -Wstrict-prototypes
configure:24838: gcc -c  -Wno-pragmas -Wall -Wno-strict-aliasing -Wextra -Wunknown-pragmas --param=ssp-buffer-size=1 -Waddress -Warray-bounds -Wbad-function-cast -Wchar-subscripts -Wcomment -Wfloat-equal -Wformat-security -Wformat=2 -Wmaybe-uninitialized -Wmissing-field-initializers -Wmissing-noreturn -Wmissing-prototypes -Wnested-externs -Wnormalized=id -Woverride-init -Wpointer-arith -Wpointer-sign -Wredundant-decls -Wshadow -Wsign-compare -Wstrict-overflow=1  -Werror -Wstrict-prototypes  -fvisibility=hidden conftest.c >&5
conftest.c:52:1: error: function declaration isn't a prototype [-Werror=strict-prototypes]
 main ()
 ^
cc1: all warnings being treated as errors
configure:24838: $? = 1
configure: failed program was:
| /* confdefs.h */
| #define PACKAGE_NAME "wolfssl"
| #define PACKAGE_TARNAME "wolfssl"
| #define PACKAGE_VERSION "4.3.0"
| #define PACKAGE_STRING "wolfssl 4.3.0"
| #define PACKAGE_BUGREPORT "https://github.com/wolfssl/wolfssl/issues"
| #define PACKAGE_URL "https://www.wolfssl.com"
| #define STDC_HEADERS 1
| #define HAVE_SYS_TYPES_H 1
| #define HAVE_SYS_STAT_H 1
| #define HAVE_STDLIB_H 1
| #define HAVE_STRING_H 1
| #define HAVE_MEMORY_H 1
| #define HAVE_STRINGS_H 1
| #define HAVE_INTTYPES_H 1
| #define HAVE_STDINT_H 1
| #define HAVE_UNISTD_H 1
| #define HAVE_DLFCN_H 1
| #define LT_OBJDIR ".libs/"
| #define HAVE_VISIBILITY 1
| #define SIZEOF_LONG_LONG 8
| #define SIZEOF_LONG 8
| #define SIZEOF_TIME_T 8
| #define HAVE___UINT128_T 1
| #define HAVE_GETHOSTBYNAME 1
| #define HAVE_GETADDRINFO 1
| #define HAVE_GETTIMEOFDAY 1
| #define HAVE_GMTIME_R 1
| #define HAVE_INET_NTOA 1
| #define HAVE_MEMSET 1
| #define HAVE_SOCKET 1
| #define HAVE_ARPA_INET_H 1
| #define HAVE_FCNTL_H 1
| #define HAVE_LIMITS_H 1
| #define HAVE_NETDB_H 1
| #define HAVE_NETINET_IN_H 1
| #define HAVE_STDDEF_H 1
| #define HAVE_SYS_IOCTL_H 1
| #define HAVE_SYS_SOCKET_H 1
| #define HAVE_SYS_TIME_H 1
| #define HAVE_ERRNO_H 1
| #define TLS __thread
| #define DEBUG 0
| #define HAVE_PTHREAD_PRIO_INHERIT 1
| #define HAVE_PTHREAD 1
| #define BUILD_USER_RSA /**/
| #define VCS_SYSTEM "none"
| #define VCS_CHECKOUT 0
| /* end confdefs.h.  */
| 
| int
| main ()
| {
| 
|   ;
|   return 0;
| }
configure:24847: result: no
configure:24894: checking whether C compiler accepts -Wswitch-enum
configure:24913: gcc -c  -Wno-pragmas -Wall -Wno-strict-aliasing -Wextra -Wunknown-pragmas --param=ssp-buffer-size=1 -Waddress -Warray-bounds -Wbad-function-cast -Wchar-subscripts -Wcomment -Wfloat-equal -Wformat-security -Wformat=2 -Wmaybe-uninitialized -Wmissing-field-initializers -Wmissing-noreturn -Wmissing-prototypes -Wnested-externs -Wnormalized=id -Woverride-init -Wpointer-arith -Wpointer-sign -Wredundant-decls -Wshadow -Wsign-compare -Wstrict-overflow=1  -Werror -Wswitch-enum  -fvisibility=hidden conftest.c >&5
configure:24913: $? = 0
configure:24922: result: yes
configure:24938: : CFLAGS="$CFLAGS"
configure:24941: $? = 0
configure:24969: checking whether C compiler accepts -Wundef
configure:24988: gcc -c  -Wno-pragmas -Wall -Wno-strict-aliasing -Wextra -Wunknown-pragmas --param=ssp-buffer-size=1 -Waddress -Warray-bounds -Wbad-function-cast -Wchar-subscripts -Wcomment -Wfloat-equal -Wformat-security -Wformat=2 -Wmaybe-uninitialized -Wmissing-field-initializers -Wmissing-noreturn -Wmissing-prototypes -Wnested-externs -Wnormalized=id -Woverride-init -Wpointer-arith -Wpointer-sign -Wredundant-decls -Wshadow -Wsign-compare -Wstrict-overflow=1 -Wswitch-enum  -Werror -Wundef  -fvisibility=hidden conftest.c >&5
configure:24988: $? = 0
configure:24997: result: yes
configure:25013: : CFLAGS="$CFLAGS"
configure:25016: $? = 0
configure:25044: checking whether C compiler accepts -Wunused
configure:25063: gcc -c  -Wno-pragmas -Wall -Wno-strict-aliasing -Wextra -Wunknown-pragmas --param=ssp-buffer-size=1 -Waddress -Warray-bounds -Wbad-function-cast -Wchar-subscripts -Wcomment -Wfloat-equal -Wformat-security -Wformat=2 -Wmaybe-uninitialized -Wmissing-field-initializers -Wmissing-noreturn -Wmissing-prototypes -Wnested-externs -Wnormalized=id -Woverride-init -Wpointer-arith -Wpointer-sign -Wredundant-decls -Wshadow -Wsign-compare -Wstrict-overflow=1 -Wswitch-enum -Wundef  -Werror -Wunused  -fvisibility=hidden conftest.c >&5
configure:25063: $? = 0
configure:25072: result: yes
configure:25088: : CFLAGS="$CFLAGS"
configure:25091: $? = 0
configure:25119: checking whether C compiler accepts -Wunused-result
configure:25138: gcc -c  -Wno-pragmas -Wall -Wno-strict-aliasing -Wextra -Wunknown-pragmas --param=ssp-buffer-size=1 -Waddress -Warray-bounds -Wbad-function-cast -Wchar-subscripts -Wcomment -Wfloat-equal -Wformat-security -Wformat=2 -Wmaybe-uninitialized -Wmissing-field-initializers -Wmissing-noreturn -Wmissing-prototypes -Wnested-externs -Wnormalized=id -Woverride-init -Wpointer-arith -Wpointer-sign -Wredundant-decls -Wshadow -Wsign-compare -Wstrict-overflow=1 -Wswitch-enum -Wundef -Wunused  -Werror -Wunused-result  -fvisibility=hidden conftest.c >&5
configure:25138: $? = 0
configure:25147: result: yes
configure:25163: : CFLAGS="$CFLAGS"
configure:25166: $? = 0
configure:25194: checking whether C compiler accepts -Wunused-variable
configure:25213: gcc -c  -Wno-pragmas -Wall -Wno-strict-aliasing -Wextra -Wunknown-pragmas --param=ssp-buffer-size=1 -Waddress -Warray-bounds -Wbad-function-cast -Wchar-subscripts -Wcomment -Wfloat-equal -Wformat-security -Wformat=2 -Wmaybe-uninitialized -Wmissing-field-initializers -Wmissing-noreturn -Wmissing-prototypes -Wnested-externs -Wnormalized=id -Woverride-init -Wpointer-arith -Wpointer-sign -Wredundant-decls -Wshadow -Wsign-compare -Wstrict-overflow=1 -Wswitch-enum -Wundef -Wunused -Wunused-result  -Werror -Wunused-variable  -fvisibility=hidden conftest.c >&5
configure:25213: $? = 0
configure:25222: result: yes
configure:25238: : CFLAGS="$CFLAGS"
configure:25241: $? = 0
configure:25269: checking whether C compiler accepts -Wwrite-strings
configure:25288: gcc -c  -Wno-pragmas -Wall -Wno-strict-aliasing -Wextra -Wunknown-pragmas --param=ssp-buffer-size=1 -Waddress -Warray-bounds -Wbad-function-cast -Wchar-subscripts -Wcomment -Wfloat-equal -Wformat-security -Wformat=2 -Wmaybe-uninitialized -Wmissing-field-initializers -Wmissing-noreturn -Wmissing-prototypes -Wnested-externs -Wnormalized=id -Woverride-init -Wpointer-arith -Wpointer-sign -Wredundant-decls -Wshadow -Wsign-compare -Wstrict-overflow=1 -Wswitch-enum -Wundef -Wunused -Wunused-result -Wunused-variable  -Werror -Wwrite-strings  -fvisibility=hidden conftest.c >&5
configure:25288: $? = 0
configure:25297: result: yes
configure:25313: : CFLAGS="$CFLAGS"
configure:25316: $? = 0
configure:25344: checking whether C compiler accepts -fwrapv
configure:25363: gcc -c  -Wno-pragmas -Wall -Wno-strict-aliasing -Wextra -Wunknown-pragmas --param=ssp-buffer-size=1 -Waddress -Warray-bounds -Wbad-function-cast -Wchar-subscripts -Wcomment -Wfloat-equal -Wformat-security -Wformat=2 -Wmaybe-uninitialized -Wmissing-field-initializers -Wmissing-noreturn -Wmissing-prototypes -Wnested-externs -Wnormalized=id -Woverride-init -Wpointer-arith -Wpointer-sign -Wredundant-decls -Wshadow -Wsign-compare -Wstrict-overflow=1 -Wswitch-enum -Wundef -Wunused -Wunused-result -Wunused-variable -Wwrite-strings  -Werror -fwrapv  -fvisibility=hidden conftest.c >&5
configure:25363: $? = 0
configure:25372: result: yes
configure:25388: : CFLAGS="$CFLAGS"
configure:25391: $? = 0
configure:26342: result: creating wolfssl-config - generic 4.3.0 for -lwolfssl
configure:26467: checking the number of available CPUs
configure:26550: result: 1
configure:26567: adding automake macro support
configure:26571: creating aminclude.am
configure:26602: added jobserver support to make for 2 jobs
configure:26723: checking that generated files are newer than configure
configure:26729: result: done
configure:27197: creating ./config.status

## ---------------------- ##
## Running config.status. ##
## ---------------------- ##

This file was extended by wolfssl config.status 4.3.0, which was
generated by GNU Autoconf 2.69.  Invocation command line was

  CONFIG_FILES    = 
  CONFIG_HEADERS  = 
  CONFIG_LINKS    = 
  CONFIG_COMMANDS = 
  $ ./config.status 

on cis415-arch

config.status:1377: creating stamp-h
config.status:1377: creating Makefile
config.status:1377: creating wolfssl/version.h
config.status:1377: creating wolfssl/options.h
config.status:1377: creating cyassl/options.h
config.status:1377: creating support/wolfssl.pc
config.status:1377: creating rpm/spec
config.status:1377: creating config.h
config.status:1558: config.h is unchanged
config.status:1606: executing depfiles commands
config.status:1606: executing libtool commands
configure:29349: WARNING: unrecognized options: --enable-rng--enable-ecc

## ---------------- ##
## Cache variables. ##
## ---------------- ##

ac_cv_build=x86_64-unknown-linux-gnu
ac_cv_c_bigendian=no
ac_cv_c_compiler_gnu=yes
ac_cv_c_uint8_t=yes
ac_cv_env_CCASFLAGS_set=
ac_cv_env_CCASFLAGS_value=
ac_cv_env_CCAS_set=
ac_cv_env_CCAS_value=
ac_cv_env_CC_set=
ac_cv_env_CC_value=
ac_cv_env_CFLAGS_set=
ac_cv_env_CFLAGS_value=
ac_cv_env_CPPFLAGS_set=
ac_cv_env_CPPFLAGS_value=
ac_cv_env_CPP_set=
ac_cv_env_CPP_value=
ac_cv_env_LDFLAGS_set=
ac_cv_env_LDFLAGS_value=
ac_cv_env_LIBS_set=
ac_cv_env_LIBS_value=
ac_cv_env_LT_SYS_LIBRARY_PATH_set=
ac_cv_env_LT_SYS_LIBRARY_PATH_value=
ac_cv_env_build_alias_set=
ac_cv_env_build_alias_value=
ac_cv_env_host_alias_set=
ac_cv_env_host_alias_value=
ac_cv_env_target_alias_set=
ac_cv_env_target_alias_value=
ac_cv_func_getaddrinfo=yes
ac_cv_func_gethostbyname=yes
ac_cv_func_gettimeofday=yes
ac_cv_func_gmtime_r=yes
ac_cv_func_inet_ntoa=yes
ac_cv_func_memset=yes
ac_cv_func_socket=yes
ac_cv_header_arpa_inet_h=yes
ac_cv_header_dlfcn_h=yes
ac_cv_header_errno_h=yes
ac_cv_header_fcntl_h=yes
ac_cv_header_inttypes_h=yes
ac_cv_header_limits_h=yes
ac_cv_header_memory_h=yes
ac_cv_header_netdb_h=yes
ac_cv_header_netinet_in_h=yes
ac_cv_header_stdc=yes
ac_cv_header_stddef_h=yes
ac_cv_header_stdint_h=yes
ac_cv_header_stdlib_h=yes
ac_cv_header_string_h=yes
ac_cv_header_strings_h=yes
ac_cv_header_sys_ioctl_h=yes
ac_cv_header_sys_socket_h=yes
ac_cv_header_sys_stat_h=yes
ac_cv_header_sys_time_h=yes
ac_cv_header_sys_types_h=yes
ac_cv_header_unistd_h=yes
ac_cv_host=x86_64-unknown-linux-gnu
ac_cv_lib_m_cos=yes
ac_cv_lib_network_socket=no
ac_cv_objext=o
ac_cv_path_EGREP='/usr/bin/grep -E'
ac_cv_path_FGREP='/usr/bin/grep -F'
ac_cv_path_GREP=/usr/bin/grep
ac_cv_path_SED=/usr/bin/sed
ac_cv_path_install='/usr/bin/install -c'
ac_cv_path_lt_DD=/usr/bin/dd
ac_cv_path_mkdir=/usr/bin/mkdir
ac_cv_prog_AWK=gawk
ac_cv_prog_CPP='gcc -E'
ac_cv_prog_ac_ct_AR=ar
ac_cv_prog_ac_ct_CC=gcc
ac_cv_prog_ac_ct_OBJDUMP=objdump
ac_cv_prog_ac_ct_RANLIB=ranlib
ac_cv_prog_ac_ct_STRIP=strip
ac_cv_prog_cc_c89=
ac_cv_prog_cc_g=yes
ac_cv_prog_make_make_set=yes
ac_cv_search_gethostbyname='none required'
ac_cv_search_socket='none required'
ac_cv_sizeof_long=8
ac_cv_sizeof_long_long=8
ac_cv_sizeof_time_t=8
ac_cv_tls=__thread
ac_cv_type___uint128_t=yes
ac_cv_type_size_t=yes
ac_cv_vcs_checkout=no
ac_cv_vcs_system=none
ac_cv_warnings_as_errors=no
am_cv_CCAS_dependencies_compiler_type=gcc3
am_cv_CC_dependencies_compiler_type=gcc3
am_cv_make_support_nested_variables=yes
am_cv_prog_cc_c_o=yes
am_cv_prog_tar_ustar=gnutar
ax_cv_PTHREAD_CLANG=no
ax_cv_PTHREAD_JOINABLE_ATTR=PTHREAD_CREATE_JOINABLE
ax_cv_PTHREAD_PRIO_INHERIT=yes
ax_cv_PTHREAD_SPECIAL_FLAGS=no
ax_cv_check_cflags__Waddress=yes
ax_cv_check_cflags__Wall=yes
ax_cv_check_cflags__Warray_bounds=yes
ax_cv_check_cflags__Wbad_function_cast=yes
ax_cv_check_cflags__Wchar_subscripts=yes
ax_cv_check_cflags__Wcomment=yes
ax_cv_check_cflags__Wextra=yes
ax_cv_check_cflags__Wfloat_equal=yes
ax_cv_check_cflags__Wformat_2=yes
ax_cv_check_cflags__Wformat_security=yes
ax_cv_check_cflags__Wmaybe_uninitialized=yes
ax_cv_check_cflags__Wmissing_field_initializers=yes
ax_cv_check_cflags__Wmissing_noreturn=yes
ax_cv_check_cflags__Wmissing_prototypes=yes
ax_cv_check_cflags__Wnested_externs=yes
ax_cv_check_cflags__Wno_pragmas=yes
ax_cv_check_cflags__Wno_strict_aliasing=yes
ax_cv_check_cflags__Wnormalized_id=yes
ax_cv_check_cflags__Woverride_init=yes
ax_cv_check_cflags__Wpointer_arith=yes
ax_cv_check_cflags__Wpointer_sign=yes
ax_cv_check_cflags__Wredundant_decls=yes
ax_cv_check_cflags__Wshadow=yes
ax_cv_check_cflags__Wshorten_64_to_32=no
ax_cv_check_cflags__Wsign_compare=yes
ax_cv_check_cflags__Wstrict_overflow_1=yes
ax_cv_check_cflags__Wstrict_prototypes=no
ax_cv_check_cflags__Wswitch_enum=yes
ax_cv_check_cflags__Wthis_test_should_fail=no
ax_cv_check_cflags__Wundef=yes
ax_cv_check_cflags__Wunknown_pragmas=yes
ax_cv_check_cflags__Wunused=yes
ax_cv_check_cflags__Wunused_result=yes
ax_cv_check_cflags__Wunused_variable=yes
ax_cv_check_cflags__Wwrite_strings=yes
ax_cv_check_cflags___Werror=yes
ax_cv_check_cflags___param_ssp_buffer_size_1=yes
ax_cv_check_cflags__fwrapv=yes
ax_cv_check_ldflags___Werror=yes
ax_cv_check_ldflags__pie=yes
ax_cv_check_ldflags__z_relro__z_now=yes
gl_cv_cc_vis_werror=yes
gl_cv_cc_visibility=yes
lt_cv_ar_at_file=@
lt_cv_archive_cmds_need_lc=no
lt_cv_deplibs_check_method=pass_all
lt_cv_file_magic_cmd='$MAGIC_CMD'
lt_cv_file_magic_test_file=
lt_cv_ld_reload_flag=-r
lt_cv_nm_interface='BSD nm'
lt_cv_objdir=.libs
lt_cv_path_LD=/usr/bin/ld
lt_cv_path_NM='/usr/bin/nm -B'
lt_cv_path_mainfest_tool=no
lt_cv_prog_compiler_c_o=yes
lt_cv_prog_compiler_pic='-fPIC -DPIC'
lt_cv_prog_compiler_pic_works=yes
lt_cv_prog_compiler_rtti_exceptions=no
lt_cv_prog_compiler_static_works=yes
lt_cv_prog_gnu_ld=yes
lt_cv_sharedlib_from_linklib_cmd='printf %s\n'
lt_cv_shlibpath_overrides_runpath=no
lt_cv_sys_global_symbol_pipe='sed -n -e '\''s/^.*[	 ]\([ABCDGIRSTW][ABCDGIRSTW]*\)[	 ][	 ]*\([_A-Za-z][_A-Za-z0-9]*\)$/\1 \2 \2/p'\'' | sed '\''/ __gnu_lto/d'\'''
lt_cv_sys_global_symbol_to_c_name_address='sed -n -e '\''s/^: \(.*\) .*$/  {"\1", (void *) 0},/p'\'' -e '\''s/^[ABCDGIRSTW][ABCDGIRSTW]* .* \(.*\)$/  {"\1", (void *) \&\1},/p'\'''
lt_cv_sys_global_symbol_to_c_name_address_lib_prefix='sed -n -e '\''s/^: \(.*\) .*$/  {"\1", (void *) 0},/p'\'' -e '\''s/^[ABCDGIRSTW][ABCDGIRSTW]* .* \(lib.*\)$/  {"\1", (void *) \&\1},/p'\'' -e '\''s/^[ABCDGIRSTW][ABCDGIRSTW]* .* \(.*\)$/  {"lib\1", (void *) \&\1},/p'\'''
lt_cv_sys_global_symbol_to_cdecl='sed -n -e '\''s/^T .* \(.*\)$/extern int \1();/p'\'' -e '\''s/^[ABCDGIRSTW][ABCDGIRSTW]* .* \(.*\)$/extern char \1;/p'\'''
lt_cv_sys_global_symbol_to_import=
lt_cv_sys_max_cmd_len=1572864
lt_cv_to_host_file_cmd=func_convert_file_noop
lt_cv_to_tool_file_cmd=func_convert_file_noop
lt_cv_truncate_bin='/usr/bin/dd bs=4096 count=1'

## ----------------- ##
## Output variables. ##
## ----------------- ##

ACLOCAL='${SHELL} /root/cis433/wolfssl-4.3.0/build-aux/missing aclocal-1.15'
AMDEPBACKSLASH='\'
AMDEP_FALSE='#'
AMDEP_TRUE=''
AMINCLUDE='aminclude.am'
AMTAR='$${TAR-tar}'
AM_BACKSLASH='\'
AM_CCASFLAGS=''
AM_CFLAGS='-DHAVE_FFDHE_2048 -DWOLFSSL_VERIFY_CB_ALL_CERTS -DWOLFSSL_EXTRA_ALERTS -DOPENSSL_EXTRA -DWOLFSSL_ALWAYS_VERIFY_CB -D_POSIX_THREADS  -DHAVE_THREAD_LS -DNDEBUG -pthread -DTFM_TIMING_RESISTANT -DECC_TIMING_RESISTANT -DWC_RSA_BLINDING -DFORTRESS -DWOLFSSL_ALWAYS_VERIFY_CB -DWOLFSSL_AES_COUNTER -DWOLFSSL_AES_DIRECT -DWOLFSSL_DER_LOAD -DWOLFSSL_KEY_GEN -DHAVE_AESGCM -DHAVE_NULL_CIPHER -DWOLFSSL_RIPEMD -DWOLFSSL_SHA512 -DWOLFSSL_SHA384 -DWOLFSSL_KEY_GEN -DHAVE_HKDF -DHAVE_ECC -DTFM_ECC256 -DECC_SHAMIR -DWOLFSSL_CUSTOM_CURVES -DHAVE_CURVE25519 -DHAVE_ED25519 -DHAVE_ECC_ENCRYPT -DWOLFSSL_BASE64_ENCODE -DNO_HC128 -DNO_RABBIT -DWOLFSSL_SHA224 -DWOLFSSL_SHA3 -DHAVE_POLY1305 -DHAVE_ONE_TIME_AUTH -DHAVE_CHACHA -DHAVE_HASHDRBG -DHAVE_TLS_EXTENSIONS -DHAVE_SUPPORTED_CURVES -DHAVE_EXTENDED_MASTER -DHAVE_ENCRYPT_THEN_MAC -DNO_PSK -DNO_MD4 -DWOLFSSL_ENCRYPTED_KEYS -DUSE_FAST_MATH -DWOLFSSL_X86_64_BUILD -DWC_NO_ASYNC_THREADING -Wall -Wno-unused -O2 -fomit-frame-pointer -DHAVE___UINT128_T=1'
AM_CPPFLAGS=' -fvisibility=hidden'
AM_DEFAULT_V='$(AM_DEFAULT_VERBOSITY)'
AM_DEFAULT_VERBOSITY='0'
AM_LDFLAGS=''
AM_V='$(V)'
AR='ar'
AS='as'
AUTOCONF='${SHELL} /root/cis433/wolfssl-4.3.0/build-aux/missing autoconf'
AUTOHEADER='${SHELL} /root/cis433/wolfssl-4.3.0/build-aux/missing autoheader'
AUTOMAKE='${SHELL} /root/cis433/wolfssl-4.3.0/build-aux/missing automake-1.15'
AWK='gawk'
BUILD_AESCCM_FALSE=''
BUILD_AESCCM_TRUE='#'
BUILD_AESGCM_FALSE='#'
BUILD_AESGCM_TRUE=''
BUILD_AESNI_FALSE=''
BUILD_AESNI_TRUE='#'
BUILD_AES_FALSE='#'
BUILD_AES_TRUE=''
BUILD_AFALG_FALSE=''
BUILD_AFALG_TRUE='#'
BUILD_ALL_FALSE=''
BUILD_ALL_TRUE='#'
BUILD_ARMASM_FALSE=''
BUILD_ARMASM_TRUE='#'
BUILD_ASN_FALSE='#'
BUILD_ASN_TRUE=''
BUILD_ASYNCCRYPT_FALSE=''
BUILD_ASYNCCRYPT_TRUE='#'
BUILD_BLAKE2S_FALSE=''
BUILD_BLAKE2S_TRUE='#'
BUILD_BLAKE2_FALSE=''
BUILD_BLAKE2_TRUE='#'
BUILD_CAMELLIA_FALSE=''
BUILD_CAMELLIA_TRUE='#'
BUILD_CAVIUM_FALSE=''
BUILD_CAVIUM_TRUE='#'
BUILD_CAVIUM_V_FALSE=''
BUILD_CAVIUM_V_TRUE='#'
BUILD_CHACHA_FALSE='#'
BUILD_CHACHA_TRUE=''
BUILD_CMAC_FALSE=''
BUILD_CMAC_TRUE='#'
BUILD_CODING_FALSE='#'
BUILD_CODING_TRUE=''
BUILD_CRL_FALSE=''
BUILD_CRL_MONITOR_FALSE=''
BUILD_CRL_MONITOR_TRUE='#'
BUILD_CRL_TRUE='#'
BUILD_CRYPTOAUTHLIB_FALSE=''
BUILD_CRYPTOAUTHLIB_TRUE='#'
BUILD_CRYPTOCB_FALSE=''
BUILD_CRYPTOCB_TRUE='#'
BUILD_CRYPTONLY_FALSE=''
BUILD_CRYPTONLY_TRUE='#'
BUILD_CURVE25519_FALSE='#'
BUILD_CURVE25519_SMALL_FALSE=''
BUILD_CURVE25519_SMALL_TRUE='#'
BUILD_CURVE25519_TRUE=''
BUILD_DES3_FALSE='#'
BUILD_DES3_TRUE=''
BUILD_DEVCRYPTO_FALSE=''
BUILD_DEVCRYPTO_TRUE='#'
BUILD_DH_FALSE='#'
BUILD_DH_TRUE=''
BUILD_DISTRO_FALSE=''
BUILD_DISTRO_TRUE='#'
BUILD_DSA_FALSE='#'
BUILD_DSA_TRUE=''
BUILD_ECC_FALSE='#'
BUILD_ECC_TRUE=''
BUILD_ED25519_FALSE='#'
BUILD_ED25519_SMALL_FALSE=''
BUILD_ED25519_SMALL_TRUE='#'
BUILD_ED25519_TRUE=''
BUILD_EXAMPLE_CLIENTS_FALSE='#'
BUILD_EXAMPLE_CLIENTS_TRUE=''
BUILD_EXAMPLE_SERVERS_FALSE='#'
BUILD_EXAMPLE_SERVERS_TRUE=''
BUILD_FASTMATH_FALSE='#'
BUILD_FASTMATH_TRUE=''
BUILD_FAST_RSA_FALSE=''
BUILD_FAST_RSA_TRUE='#'
BUILD_FEMATH_FALSE='#'
BUILD_FEMATH_TRUE=''
BUILD_FIPS_FALSE=''
BUILD_FIPS_RAND_FALSE=''
BUILD_FIPS_RAND_TRUE='#'
BUILD_FIPS_TRUE='#'
BUILD_FIPS_V1_FALSE=''
BUILD_FIPS_V1_TRUE='#'
BUILD_FIPS_V2_FALSE=''
BUILD_FIPS_V2_TRUE='#'
BUILD_GEMATH_FALSE='#'
BUILD_GEMATH_TRUE=''
BUILD_HASHFLAGS_FALSE=''
BUILD_HASHFLAGS_TRUE='#'
BUILD_HC128_FALSE=''
BUILD_HC128_TRUE='#'
BUILD_IDEA_FALSE=''
BUILD_IDEA_TRUE='#'
BUILD_INLINE_FALSE='#'
BUILD_INLINE_TRUE=''
BUILD_INTELASM_FALSE=''
BUILD_INTELASM_TRUE='#'
BUILD_INTEL_QA_FALSE=''
BUILD_INTEL_QA_SYNC_FALSE=''
BUILD_INTEL_QA_SYNC_TRUE='#'
BUILD_INTEL_QA_TRUE='#'
BUILD_IPV6_FALSE=''
BUILD_IPV6_TRUE='#'
BUILD_LEANPSK_FALSE=''
BUILD_LEANPSK_TRUE='#'
BUILD_LEANTLS_FALSE=''
BUILD_LEANTLS_TRUE='#'
BUILD_LIBZ_FALSE=''
BUILD_LIBZ_TRUE='#'
BUILD_LOWMEM_FALSE=''
BUILD_LOWMEM_TRUE='#'
BUILD_MCAPI_FALSE=''
BUILD_MCAPI_TRUE='#'
BUILD_MCAST_FALSE=''
BUILD_MCAST_TRUE='#'
BUILD_MD2_FALSE=''
BUILD_MD2_TRUE='#'
BUILD_MD4_FALSE=''
BUILD_MD4_TRUE='#'
BUILD_MD5_FALSE='#'
BUILD_MD5_TRUE=''
BUILD_MEMORY_FALSE='#'
BUILD_MEMORY_TRUE=''
BUILD_NTRU_FALSE=''
BUILD_NTRU_TRUE='#'
BUILD_OCSP_FALSE=''
BUILD_OCSP_STAPLING_FALSE=''
BUILD_OCSP_STAPLING_TRUE='#'
BUILD_OCSP_STAPLING_V2_FALSE=''
BUILD_OCSP_STAPLING_V2_TRUE='#'
BUILD_OCSP_TRUE='#'
BUILD_OCTEON_SYNC_FALSE=''
BUILD_OCTEON_SYNC_TRUE='#'
BUILD_PKCALLBACKS_FALSE=''
BUILD_PKCALLBACKS_TRUE='#'
BUILD_PKCS11_FALSE=''
BUILD_PKCS11_TRUE='#'
BUILD_PKCS12_FALSE='#'
BUILD_PKCS12_TRUE=''
BUILD_PKCS7_FALSE=''
BUILD_PKCS7_TRUE='#'
BUILD_PKI_FALSE='#'
BUILD_PKI_TRUE=''
BUILD_POLY1305_FALSE='#'
BUILD_POLY1305_TRUE=''
BUILD_PSK_FALSE=''
BUILD_PSK_TRUE='#'
BUILD_PWDBASED_FALSE='#'
BUILD_PWDBASED_TRUE=''
BUILD_RABBIT_FALSE=''
BUILD_RABBIT_TRUE='#'
BUILD_RC4_FALSE='#'
BUILD_RC4_TRUE=''
BUILD_RIPEMD_FALSE='#'
BUILD_RIPEMD_TRUE=''
BUILD_RNG_FALSE='#'
BUILD_RNG_TRUE=''
BUILD_RSA_FALSE='#'
BUILD_RSA_TRUE=''
BUILD_SCRYPT_FALSE=''
BUILD_SCRYPT_TRUE='#'
BUILD_SCTP_FALSE=''
BUILD_SCTP_TRUE='#'
BUILD_SELFTEST_FALSE=''
BUILD_SELFTEST_TRUE='#'
BUILD_SHA224_FALSE='#'
BUILD_SHA224_TRUE=''
BUILD_SHA3_FALSE='#'
BUILD_SHA3_TRUE=''
BUILD_SHA512_FALSE='#'
BUILD_SHA512_TRUE=''
BUILD_SHA_FALSE='#'
BUILD_SHA_TRUE=''
BUILD_SLOWMATH_FALSE=''
BUILD_SLOWMATH_TRUE='#'
BUILD_SNIFFER_FALSE=''
BUILD_SNIFFER_TRUE='#'
BUILD_SNIFFTEST_FALSE=''
BUILD_SNIFFTEST_TRUE='#'
BUILD_SP_ARM32_FALSE=''
BUILD_SP_ARM32_TRUE='#'
BUILD_SP_ARM64_FALSE=''
BUILD_SP_ARM64_TRUE='#'
BUILD_SP_ARM_CORTEX_FALSE=''
BUILD_SP_ARM_CORTEX_TRUE='#'
BUILD_SP_ARM_THUMB_FALSE=''
BUILD_SP_ARM_THUMB_TRUE='#'
BUILD_SP_C_FALSE=''
BUILD_SP_C_TRUE='#'
BUILD_SP_FALSE=''
BUILD_SP_INT_FALSE=''
BUILD_SP_INT_TRUE='#'
BUILD_SP_TRUE='#'
BUILD_SP_X86_64_FALSE=''
BUILD_SP_X86_64_TRUE='#'
BUILD_SRP_FALSE=''
BUILD_SRP_TRUE='#'
BUILD_TESTS_FALSE='#'
BUILD_TESTS_TRUE=''
BUILD_THREADED_EXAMPLES_FALSE='#'
BUILD_THREADED_EXAMPLES_TRUE=''
BUILD_TLS13_FALSE=''
BUILD_TLS13_TRUE='#'
BUILD_TRUST_PEER_CERT_FALSE=''
BUILD_TRUST_PEER_CERT_TRUE='#'
BUILD_USER_CRYPTO_FALSE=''
BUILD_USER_CRYPTO_TRUE='#'
BUILD_USER_RSA_FALSE=''
BUILD_USER_RSA_TRUE='#'
BUILD_WNR_FALSE=''
BUILD_WNR_TRUE='#'
BUILD_WOLFCRYPT_TESTS_FALSE='#'
BUILD_WOLFCRYPT_TESTS_TRUE=''
BUILD_WOLFEVENT_FALSE=''
BUILD_WOLFEVENT_TRUE='#'
BUILD_XILINX_FALSE=''
BUILD_XILINX_TRUE='#'
CC='gcc'
CCAS='gcc'
CCASDEPMODE='depmode=gcc3'
CCASFLAGS=''
CCDEPMODE='depmode=gcc3'
CFLAGS=' -Wno-pragmas -Wall -Wno-strict-aliasing -Wextra -Wunknown-pragmas --param=ssp-buffer-size=1 -Waddress -Warray-bounds -Wbad-function-cast -Wchar-subscripts -Wcomment -Wfloat-equal -Wformat-security -Wformat=2 -Wmaybe-uninitialized -Wmissing-field-initializers -Wmissing-noreturn -Wmissing-prototypes -Wnested-externs -Wnormalized=id -Woverride-init -Wpointer-arith -Wpointer-sign -Wredundant-decls -Wshadow -Wsign-compare -Wstrict-overflow=1 -Wswitch-enum -Wundef -Wunused -Wunused-result -Wunused-variable -Wwrite-strings -fwrapv '
CFLAG_VISIBILITY='-fvisibility=hidden'
CPP='gcc -E'
CPPFLAGS=' -fvisibility=hidden'
CYGPATH_W='echo'
DEBUG_FALSE=''
DEBUG_TRUE='#'
DEFS='-DHAVE_CONFIG_H'
DEPDIR='.deps'
DLLTOOL='false'
DSYMUTIL=''
DUMPBIN=''
ECHO_C=''
ECHO_N='-n'
ECHO_T=''
EGREP='/usr/bin/grep -E'
EXEEXT=''
FGREP='/usr/bin/grep -F'
GENERIC_CONFIG='wolfssl-config'
GREP='/usr/bin/grep'
HAVE_OPENSSL_CMD=''
HAVE_VALGRIND=''
HAVE_VISIBILITY='1'
HEX_VERSION='0x04003000'
INC_AMINCLUDE='include $(top_builddir)/aminclude.am'
INSTALL_DATA='${INSTALL} -m 644'
INSTALL_PROGRAM='${INSTALL}'
INSTALL_SCRIPT='${INSTALL}'
INSTALL_STRIP_PROGRAM='$(install_sh) -c -s'
IPPHEADERS=''
IPPLIBS=''
IPPLINK=''
IS_VCS_CHECKOUT_FALSE=''
IS_VCS_CHECKOUT_TRUE='#'
LD='/usr/bin/ld -m elf_x86_64'
LDFLAGS=''
LIBM='-lm'
LIBOBJS=''
LIBS=' '
LIBTOOL='$(SHELL) $(top_builddir)/libtool'
LIB_ADD=''
LIB_STATIC_ADD=''
LIPO=''
LN_S='ln -s'
LTLIBOBJS=''
LT_SYS_LIBRARY_PATH=''
MAKEINFO='${SHELL} /root/cis433/wolfssl-4.3.0/build-aux/missing makeinfo'
MANIFEST_TOOL=':'
MCHECK=''
MKDIR_P='/usr/bin/mkdir -p'
NM='/usr/bin/nm -B'
NMEDIT=''
OBJDUMP='objdump'
OBJEXT='o'
OTOOL64=''
OTOOL=''
PACKAGE='wolfssl'
PACKAGE_BUGREPORT='https://github.com/wolfssl/wolfssl/issues'
PACKAGE_NAME='wolfssl'
PACKAGE_STRING='wolfssl 4.3.0'
PACKAGE_TARNAME='wolfssl'
PACKAGE_URL='https://www.wolfssl.com'
PACKAGE_VERSION='4.3.0'
PATH_SEPARATOR=':'
PTHREAD_CC='gcc'
PTHREAD_CFLAGS='-pthread'
PTHREAD_LIBS=''
RANLIB='ranlib'
SED='/usr/bin/sed'
SET_MAKE=''
SHELL='/bin/sh'
STRIP='strip'
USE_VALGRIND_FALSE=''
USE_VALGRIND_TRUE='#'
VERSION='4.3.0'
WOLFSSL_LIBRARY_VERSION='24:0:0'
ac_ct_AR='ar'
ac_ct_CC='gcc'
ac_ct_DUMPBIN=''
am__EXEEXT_FALSE=''
am__EXEEXT_TRUE='#'
am__fastdepCCAS_FALSE='#'
am__fastdepCCAS_TRUE=''
am__fastdepCC_FALSE='#'
am__fastdepCC_TRUE=''
am__include='include'
am__isrc=''
am__leading_dot='.'
am__nodep='_no'
am__quote=''
am__tar='tar --format=ustar -chf - "$$tardir"'
am__untar='tar -xf -'
ax_pthread_config=''
bindir='${exec_prefix}/bin'
build='x86_64-unknown-linux-gnu'
build_alias=''
build_cpu='x86_64'
build_os='linux-gnu'
build_vendor='unknown'
datadir='${datarootdir}'
datarootdir='${prefix}/share'
docdir='${datarootdir}/doc/${PACKAGE_TARNAME}'
dvidir='${docdir}'
exec_prefix='${prefix}'
host='x86_64-unknown-linux-gnu'
host_alias=''
host_cpu='x86_64'
host_os='linux-gnu'
host_vendor='unknown'
htmldir='${docdir}'
includedir='${prefix}/include'
infodir='${datarootdir}/info'
install_sh='${SHELL} /root/cis433/wolfssl-4.3.0/build-aux/install-sh'
libdir='${exec_prefix}/lib'
libexecdir='${exec_prefix}/libexec'
localedir='${datarootdir}/locale'
localstatedir='${prefix}/var'
mandir='${datarootdir}/man'
mkdir_p='$(MKDIR_P)'
oldincludedir='/usr/include'
pdfdir='${docdir}'
prefix='/usr/local'
program_transform_name='s,x,x,'
psdir='${docdir}'
sbindir='${exec_prefix}/sbin'
sharedstatedir='${prefix}/com'
sysconfdir='${prefix}/etc'
target_alias=''

## ----------- ##
## confdefs.h. ##
## ----------- ##

/* confdefs.h */
#define PACKAGE_NAME "wolfssl"
#define PACKAGE_TARNAME "wolfssl"
#define PACKAGE_VERSION "4.3.0"
#define PACKAGE_STRING "wolfssl 4.3.0"
#define PACKAGE_BUGREPORT "https://github.com/wolfssl/wolfssl/issues"
#define PACKAGE_URL "https://www.wolfssl.com"
#define STDC_HEADERS 1
#define HAVE_SYS_TYPES_H 1
#define HAVE_SYS_STAT_H 1
#define HAVE_STDLIB_H 1
#define HAVE_STRING_H 1
#define HAVE_MEMORY_H 1
#define HAVE_STRINGS_H 1
#define HAVE_INTTYPES_H 1
#define HAVE_STDINT_H 1
#define HAVE_UNISTD_H 1
#define HAVE_DLFCN_H 1
#define LT_OBJDIR ".libs/"
#define HAVE_VISIBILITY 1
#define SIZEOF_LONG_LONG 8
#define SIZEOF_LONG 8
#define SIZEOF_TIME_T 8
#define HAVE___UINT128_T 1
#define HAVE_GETHOSTBYNAME 1
#define HAVE_GETADDRINFO 1
#define HAVE_GETTIMEOFDAY 1
#define HAVE_GMTIME_R 1
#define HAVE_INET_NTOA 1
#define HAVE_MEMSET 1
#define HAVE_SOCKET 1
#define HAVE_ARPA_INET_H 1
#define HAVE_FCNTL_H 1
#define HAVE_LIMITS_H 1
#define HAVE_NETDB_H 1
#define HAVE_NETINET_IN_H 1
#define HAVE_STDDEF_H 1
#define HAVE_SYS_IOCTL_H 1
#define HAVE_SYS_SOCKET_H 1
#define HAVE_SYS_TIME_H 1
#define HAVE_ERRNO_H 1
#define TLS __thread
#define DEBUG 0
#define HAVE_PTHREAD_PRIO_INHERIT 1
#define HAVE_PTHREAD 1
#define BUILD_USER_RSA /**/
#define VCS_SYSTEM "none"
#define VCS_CHECKOUT 0

configure: exit 0
